[2019-02-03 20:08:42.329] [exthost] [info] extension host started
[2019-02-03 20:08:42.361] [exthost] [info] ExtensionService#_doActivateExtension vscode.debug-auto-launch {"startup":true,"activationEvent":"*"}
[2019-02-03 20:08:42.361] [exthost] [info] ExtensionService#loadCommonJSModule /usr/share/code/resources/app/extensions/debug-auto-launch/dist/extension
[2019-02-03 20:08:42.368] [exthost] [info] ExtensionService#_doActivateExtension vscode.emmet {"startup":true,"activationEvent":"*"}
[2019-02-03 20:08:42.368] [exthost] [info] ExtensionService#loadCommonJSModule /usr/share/code/resources/app/extensions/emmet/dist/extension
[2019-02-03 20:08:42.407] [exthost] [info] ExtensionService#_doActivateExtension vscode.git {"startup":true,"activationEvent":"*"}
[2019-02-03 20:08:42.407] [exthost] [info] ExtensionService#loadCommonJSModule /usr/share/code/resources/app/extensions/git/dist/main
[2019-02-03 20:08:42.567] [exthost] [info] ExtensionService#_doActivateExtension vscode.merge-conflict {"startup":true,"activationEvent":"*"}
[2019-02-03 20:08:42.567] [exthost] [info] ExtensionService#loadCommonJSModule /usr/share/code/resources/app/extensions/merge-conflict/dist/extension
[2019-02-03 20:08:42.573] [exthost] [info] ExtensionService#_doActivateExtension alefragnani.Bookmarks {"startup":true,"activationEvent":"*"}
[2019-02-03 20:08:42.573] [exthost] [info] ExtensionService#loadCommonJSModule /home/vinnerocha/.vscode/extensions/alefragnani.bookmarks-10.2.2/out/src/extension
[2019-02-03 20:08:42.597] [exthost] [info] ExtensionService#_doActivateExtension dbaeumer.vscode-eslint {"startup":true,"activationEvent":"*"}
[2019-02-03 20:08:42.597] [exthost] [info] ExtensionService#loadCommonJSModule /home/vinnerocha/.vscode/extensions/dbaeumer.vscode-eslint-1.8.0/client/out/extension
[2019-02-03 20:08:42.718] [exthost] [info] ExtensionService#_doActivateExtension eamodio.gitlens {"startup":true,"activationEvent":"*"}
[2019-02-03 20:08:42.718] [exthost] [info] ExtensionService#loadCommonJSModule /home/vinnerocha/.vscode/extensions/eamodio.gitlens-9.4.1/dist/extension
[2019-02-03 20:08:42.882] [exthost] [info] ExtensionService#_doActivateExtension EditorConfig.EditorConfig {"startup":true,"activationEvent":"*"}
[2019-02-03 20:08:42.882] [exthost] [info] ExtensionService#loadCommonJSModule /home/vinnerocha/.vscode/extensions/editorconfig.editorconfig-0.12.8/out/src/editorConfigMain
[2019-02-03 20:08:42.915] [exthost] [info] ExtensionService#_doActivateExtension esbenp.prettier-vscode {"startup":true,"activationEvent":"*"}
[2019-02-03 20:08:42.915] [exthost] [info] ExtensionService#loadCommonJSModule /home/vinnerocha/.vscode/extensions/esbenp.prettier-vscode-1.8.1/out/src/extension
[2019-02-03 20:08:43.137] [exthost] [info] ExtensionService#_doActivateExtension Yummygum.city-lights-icon-vsc {"startup":true,"activationEvent":"*"}
[2019-02-03 20:08:43.137] [exthost] [info] ExtensionService#loadCommonJSModule /home/vinnerocha/.vscode/extensions/yummygum.city-lights-icon-vsc-1.1.3/out/src/extension
[2019-02-03 20:08:43.222] [exthost] [info] ExtensionService#_doActivateExtension vscode.configuration-editing {"startup":false,"activationEvent":"onLanguage:json"}
[2019-02-03 20:08:43.222] [exthost] [info] ExtensionService#loadCommonJSModule /usr/share/code/resources/app/extensions/configuration-editing/dist/extension
[2019-02-03 20:08:43.234] [exthost] [info] ExtensionService#_doActivateExtension vscode.extension-editing {"startup":false,"activationEvent":"onLanguage:json"}
[2019-02-03 20:08:43.234] [exthost] [info] ExtensionService#loadCommonJSModule /usr/share/code/resources/app/extensions/extension-editing/dist/extension
[2019-02-03 20:08:43.282] [exthost] [info] ExtensionService#_doActivateExtension vscode.json-language-features {"startup":false,"activationEvent":"onLanguage:json"}
[2019-02-03 20:08:43.282] [exthost] [info] ExtensionService#loadCommonJSModule /usr/share/code/resources/app/extensions/json-language-features/client/dist/jsonMain
[2019-02-03 20:08:43.348] [exthost] [info] ExtensionService#_doActivateExtension vscode.npm {"startup":false,"activationEvent":"onLanguage:json"}
[2019-02-03 20:08:43.348] [exthost] [info] ExtensionService#loadCommonJSModule /usr/share/code/resources/app/extensions/npm/dist/main
[2019-02-03 20:08:43.374] [exthost] [info] eager extensions activated
[2019-02-03 20:08:44.017] [exthost] [info] ExtensionService#_doActivateExtension vscode.typescript-language-features {"startup":false,"activationEvent":"onLanguage:jsonc"}
[2019-02-03 20:08:44.017] [exthost] [info] ExtensionService#loadCommonJSModule /usr/share/code/resources/app/extensions/typescript-language-features/dist/extension
