[2019-02-03 20:14:49.080] [exthost] [info] extension host started
[2019-02-03 20:14:49.112] [exthost] [info] ExtensionService#_doActivateExtension vscode.debug-auto-launch {"startup":true,"activationEvent":"*"}
[2019-02-03 20:14:49.112] [exthost] [info] ExtensionService#loadCommonJSModule /usr/share/code/resources/app/extensions/debug-auto-launch/dist/extension
[2019-02-03 20:14:49.121] [exthost] [info] ExtensionService#_doActivateExtension vscode.emmet {"startup":true,"activationEvent":"*"}
[2019-02-03 20:14:49.122] [exthost] [info] ExtensionService#loadCommonJSModule /usr/share/code/resources/app/extensions/emmet/dist/extension
[2019-02-03 20:14:49.164] [exthost] [info] ExtensionService#_doActivateExtension vscode.git {"startup":true,"activationEvent":"*"}
[2019-02-03 20:14:49.164] [exthost] [info] ExtensionService#loadCommonJSModule /usr/share/code/resources/app/extensions/git/dist/main
[2019-02-03 20:14:49.355] [exthost] [info] ExtensionService#_doActivateExtension vscode.merge-conflict {"startup":true,"activationEvent":"*"}
[2019-02-03 20:14:49.355] [exthost] [info] ExtensionService#loadCommonJSModule /usr/share/code/resources/app/extensions/merge-conflict/dist/extension
[2019-02-03 20:14:49.362] [exthost] [info] ExtensionService#_doActivateExtension alefragnani.Bookmarks {"startup":true,"activationEvent":"*"}
[2019-02-03 20:14:49.362] [exthost] [info] ExtensionService#loadCommonJSModule /home/vinnerocha/.vscode/extensions/alefragnani.bookmarks-10.2.2/out/src/extension
[2019-02-03 20:14:49.389] [exthost] [info] ExtensionService#_doActivateExtension dbaeumer.vscode-eslint {"startup":true,"activationEvent":"*"}
[2019-02-03 20:14:49.389] [exthost] [info] ExtensionService#loadCommonJSModule /home/vinnerocha/.vscode/extensions/dbaeumer.vscode-eslint-1.8.0/client/out/extension
[2019-02-03 20:14:49.494] [exthost] [info] ExtensionService#_doActivateExtension eamodio.gitlens {"startup":true,"activationEvent":"*"}
[2019-02-03 20:14:49.494] [exthost] [info] ExtensionService#loadCommonJSModule /home/vinnerocha/.vscode/extensions/eamodio.gitlens-9.4.1/dist/extension
[2019-02-03 20:14:49.685] [exthost] [info] ExtensionService#_doActivateExtension EditorConfig.EditorConfig {"startup":true,"activationEvent":"*"}
[2019-02-03 20:14:49.685] [exthost] [info] ExtensionService#loadCommonJSModule /home/vinnerocha/.vscode/extensions/editorconfig.editorconfig-0.12.8/out/src/editorConfigMain
[2019-02-03 20:14:49.719] [exthost] [info] ExtensionService#_doActivateExtension esbenp.prettier-vscode {"startup":true,"activationEvent":"*"}
[2019-02-03 20:14:49.719] [exthost] [info] ExtensionService#loadCommonJSModule /home/vinnerocha/.vscode/extensions/esbenp.prettier-vscode-1.8.1/out/src/extension
[2019-02-03 20:14:49.985] [exthost] [info] ExtensionService#_doActivateExtension Yummygum.city-lights-icon-vsc {"startup":true,"activationEvent":"*"}
[2019-02-03 20:14:49.985] [exthost] [info] ExtensionService#loadCommonJSModule /home/vinnerocha/.vscode/extensions/yummygum.city-lights-icon-vsc-1.1.3/out/src/extension
[2019-02-03 20:14:50.047] [exthost] [info] ExtensionService#_doActivateExtension vscode.typescript-language-features {"startup":false,"activationEvent":"onLanguage:javascript"}
[2019-02-03 20:14:50.047] [exthost] [info] ExtensionService#loadCommonJSModule /usr/share/code/resources/app/extensions/typescript-language-features/dist/extension
[2019-02-03 20:14:50.126] [exthost] [info] eager extensions activated
[2019-02-03 20:15:02.270] [exthost] [info] ExtensionService#_doActivateExtension vscode.extension-editing {"startup":false,"activationEvent":"onLanguage:typescript"}
[2019-02-03 20:15:02.270] [exthost] [info] ExtensionService#loadCommonJSModule /usr/share/code/resources/app/extensions/extension-editing/dist/extension
