Initializing document watcher...
Detected change in configuration: {}
financial_targets.api/.eslintrc.yml: Using EditorConfig core...
financial_targets.api/src/api/controllers/accounts.js: Using EditorConfig core...
financial_targets.api/src/api/controllers/accounts.js: {"insertSpaces":true,"tabSize":4}
financial_targets.api/src/api/controllers/accounts.js: Using EditorConfig core...
extension-output-#6: {}
/projects_node@60069e3/home/vinnerocha/Documentos/Projetos/projects_node/financial_targets.api/src/api/controllers/accounts.js: Using EditorConfig core...
/projects_node@60069e3/home/vinnerocha/Documentos/Projetos/projects_node/financial_targets.api/src/api/controllers/accounts.js: {}
/projects_node@60069e3/home/vinnerocha/Documentos/Projetos/projects_node/financial_targets.api/src/api/controllers/accounts.js: Using EditorConfig core...
/projects_node@60069e3/home/vinnerocha/Documentos/Projetos/projects_node/financial_targets.api/src/api/controllers/accounts.js: {}
/projects_node@60069e3^/home/vinnerocha/Documentos/Projetos/projects_node/financial_targets.api/src/api/controllers/accounts.js: Using EditorConfig core...
/projects_node@60069e3^/home/vinnerocha/Documentos/Projetos/projects_node/financial_targets.api/src/api/controllers/accounts.js: {}
/projects_node@60069e3/home/vinnerocha/Documentos/Projetos/projects_node/financial_targets.api/src/api/controllers/accounts.js: Using EditorConfig core...
/projects_node@60069e3/home/vinnerocha/Documentos/Projetos/projects_node/financial_targets.api/src/api/controllers/accounts.js: {}
financial_targets.api/src/api/controllers/accounts.js: Using EditorConfig core...
financial_targets.api/src/api/controllers/accounts.js: {"insertSpaces":true,"tabSize":4}
financial_targets.api/src/api/controllers/accounts.js: Using EditorConfig core...
financial_targets.api/src/api/controllers/accounts.js: Using EditorConfig core...
financial_targets.api/src/api/controllers/accounts.js: Using EditorConfig core...
financial_targets.api/src/api/controllers/accounts.js: Using EditorConfig core...
