[2019-02-03 20:39:59.822] [exthost] [info] extension host started
[2019-02-03 20:40:00.012] [exthost] [info] ExtensionService#_doActivateExtension vscode.debug-auto-launch {"startup":true,"activationEvent":"*"}
[2019-02-03 20:40:00.012] [exthost] [info] ExtensionService#loadCommonJSModule /usr/share/code/resources/app/extensions/debug-auto-launch/dist/extension
[2019-02-03 20:40:00.015] [exthost] [info] ExtensionService#_doActivateExtension vscode.emmet {"startup":true,"activationEvent":"*"}
[2019-02-03 20:40:00.016] [exthost] [info] ExtensionService#loadCommonJSModule /usr/share/code/resources/app/extensions/emmet/dist/extension
[2019-02-03 20:40:00.046] [exthost] [info] ExtensionService#_doActivateExtension vscode.git {"startup":true,"activationEvent":"*"}
[2019-02-03 20:40:00.046] [exthost] [info] ExtensionService#loadCommonJSModule /usr/share/code/resources/app/extensions/git/dist/main
[2019-02-03 20:40:00.219] [exthost] [info] ExtensionService#_doActivateExtension vscode.merge-conflict {"startup":true,"activationEvent":"*"}
[2019-02-03 20:40:00.219] [exthost] [info] ExtensionService#loadCommonJSModule /usr/share/code/resources/app/extensions/merge-conflict/dist/extension
[2019-02-03 20:40:00.228] [exthost] [info] ExtensionService#_doActivateExtension alefragnani.Bookmarks {"startup":true,"activationEvent":"*"}
[2019-02-03 20:40:00.228] [exthost] [info] ExtensionService#loadCommonJSModule /home/vinnerocha/.vscode/extensions/alefragnani.bookmarks-10.2.2/out/src/extension
[2019-02-03 20:40:00.252] [exthost] [info] ExtensionService#_doActivateExtension dbaeumer.vscode-eslint {"startup":true,"activationEvent":"*"}
[2019-02-03 20:40:00.253] [exthost] [info] ExtensionService#loadCommonJSModule /home/vinnerocha/.vscode/extensions/dbaeumer.vscode-eslint-1.8.0/client/out/extension
[2019-02-03 20:40:00.338] [exthost] [info] ExtensionService#_doActivateExtension eamodio.gitlens {"startup":true,"activationEvent":"*"}
[2019-02-03 20:40:00.338] [exthost] [info] ExtensionService#loadCommonJSModule /home/vinnerocha/.vscode/extensions/eamodio.gitlens-9.4.1/dist/extension
[2019-02-03 20:40:00.469] [exthost] [info] ExtensionService#_doActivateExtension EditorConfig.EditorConfig {"startup":true,"activationEvent":"*"}
[2019-02-03 20:40:00.469] [exthost] [info] ExtensionService#loadCommonJSModule /home/vinnerocha/.vscode/extensions/editorconfig.editorconfig-0.12.8/out/src/editorConfigMain
[2019-02-03 20:40:00.510] [exthost] [info] ExtensionService#_doActivateExtension esbenp.prettier-vscode {"startup":true,"activationEvent":"*"}
[2019-02-03 20:40:00.510] [exthost] [info] ExtensionService#loadCommonJSModule /home/vinnerocha/.vscode/extensions/esbenp.prettier-vscode-1.8.1/out/src/extension
[2019-02-03 20:40:00.786] [exthost] [info] ExtensionService#_doActivateExtension Yummygum.city-lights-icon-vsc {"startup":true,"activationEvent":"*"}
[2019-02-03 20:40:00.786] [exthost] [info] ExtensionService#loadCommonJSModule /home/vinnerocha/.vscode/extensions/yummygum.city-lights-icon-vsc-1.1.3/out/src/extension
[2019-02-03 20:40:00.888] [exthost] [info] ExtensionService#_doActivateExtension vscode.typescript-language-features {"startup":false,"activationEvent":"onLanguage:javascript"}
[2019-02-03 20:40:00.888] [exthost] [info] ExtensionService#loadCommonJSModule /usr/share/code/resources/app/extensions/typescript-language-features/dist/extension
[2019-02-03 20:40:01.016] [exthost] [info] eager extensions activated
[2019-02-03 20:40:45.463] [exthost] [info] ExtensionService#_doActivateExtension vscode.extension-editing {"startup":false,"activationEvent":"onLanguage:typescript"}
[2019-02-03 20:40:45.463] [exthost] [info] ExtensionService#loadCommonJSModule /usr/share/code/resources/app/extensions/extension-editing/dist/extension
