[Info  - 20:48:30] Using tsserver from: /usr/share/code/resources/app/extensions/node_modules/typescript/lib
[Info  - 20:48:30] Forking TSServer
[Info  - 20:48:30] Started TSServer
[Error  - 20:55:12] 'getCodeFixes' request failed with error.
Error processing request. Debug Failure. Invalid cast. The supplied value [object Object] did not pass the test 'isLabeledStatement'.
Error: Debug Failure. Invalid cast. The supplied value [object Object] did not pass the test 'isLabeledStatement'.
    at Object.cast (/usr/share/code/resources/app/extensions/node_modules/typescript/lib/tsserver.js:1338:22)
    at doChange (/usr/share/code/resources/app/extensions/node_modules/typescript/lib/tsserver.js:112547:39)
    at /usr/share/code/resources/app/extensions/node_modules/typescript/lib/tsserver.js:112539:96
    at Function.ChangeTracker.with (/usr/share/code/resources/app/extensions/node_modules/typescript/lib/tsserver.js:107652:17)
    at Object.getCodeActions (/usr/share/code/resources/app/extensions/node_modules/typescript/lib/tsserver.js:112539:64)
    at /usr/share/code/resources/app/extensions/node_modules/typescript/lib/tsserver.js:108638:121
    at Object.flatMap (/usr/share/code/resources/app/extensions/node_modules/typescript/lib/tsserver.js:504:25)
    at Object.getFixes (/usr/share/code/resources/app/extensions/node_modules/typescript/lib/tsserver.js:108638:23)
    at /usr/share/code/resources/app/extensions/node_modules/typescript/lib/tsserver.js:117737:35
    at Object.flatMap (/usr/share/code/resources/app/extensions/node_modules/typescript/lib/tsserver.js:504:25)
    at Object.getCodeFixesAtPosition (/usr/share/code/resources/app/extensions/node_modules/typescript/lib/tsserver.js:117735:23)
    at IOSession.Session.getCodeFixes (/usr/share/code/resources/app/extensions/node_modules/typescript/lib/tsserver.js:125655:64)
    at Session.handlers.ts.createMapFromTemplate._a.(anonymous function) (/usr/share/code/resources/app/extensions/node_modules/typescript/lib/tsserver.js:124461:61)
    at /usr/share/code/resources/app/extensions/node_modules/typescript/lib/tsserver.js:125824:88
    at IOSession.Session.executeWithRequestId (/usr/share/code/resources/app/extensions/node_modules/typescript/lib/tsserver.js:125815:28)
    at IOSession.Session.executeCommand (/usr/share/code/resources/app/extensions/node_modules/typescript/lib/tsserver.js:125824:33)
    at IOSession.Session.onMessage (/usr/share/code/resources/app/extensions/node_modules/typescript/lib/tsserver.js:125846:35)
    at Interface.<anonymous> (/usr/share/code/resources/app/extensions/node_modules/typescript/lib/tsserver.js:127106:27)
    at emitOne (events.js:116:13)
    at Interface.emit (events.js:211:7)
    at Interface._onLine (readline.js:282:10)
    at Interface._normalWrite (readline.js:424:12)
    at Socket.ondata (readline.js:141:10)
    at emitOne (events.js:116:13)
    at Socket.emit (events.js:211:7)
    at addChunk (_stream_readable.js:263:12)
    at readableAddChunk (_stream_readable.js:250:11)
    at Socket.Readable.push (_stream_readable.js:208:10)
    at Pipe.onread (net.js:594:20)
[Error  - 20:55:12] 'getCodeFixes' request failed with error.
Error processing request. Debug Failure. Invalid cast. The supplied value [object Object] did not pass the test 'isLabeledStatement'.
Error: Debug Failure. Invalid cast. The supplied value [object Object] did not pass the test 'isLabeledStatement'.
    at Object.cast (/usr/share/code/resources/app/extensions/node_modules/typescript/lib/tsserver.js:1338:22)
    at doChange (/usr/share/code/resources/app/extensions/node_modules/typescript/lib/tsserver.js:112547:39)
    at /usr/share/code/resources/app/extensions/node_modules/typescript/lib/tsserver.js:112539:96
    at Function.ChangeTracker.with (/usr/share/code/resources/app/extensions/node_modules/typescript/lib/tsserver.js:107652:17)
    at Object.getCodeActions (/usr/share/code/resources/app/extensions/node_modules/typescript/lib/tsserver.js:112539:64)
    at /usr/share/code/resources/app/extensions/node_modules/typescript/lib/tsserver.js:108638:121
    at Object.flatMap (/usr/share/code/resources/app/extensions/node_modules/typescript/lib/tsserver.js:504:25)
    at Object.getFixes (/usr/share/code/resources/app/extensions/node_modules/typescript/lib/tsserver.js:108638:23)
    at /usr/share/code/resources/app/extensions/node_modules/typescript/lib/tsserver.js:117737:35
    at Object.flatMap (/usr/share/code/resources/app/extensions/node_modules/typescript/lib/tsserver.js:504:25)
    at Object.getCodeFixesAtPosition (/usr/share/code/resources/app/extensions/node_modules/typescript/lib/tsserver.js:117735:23)
    at IOSession.Session.getCodeFixes (/usr/share/code/resources/app/extensions/node_modules/typescript/lib/tsserver.js:125655:64)
    at Session.handlers.ts.createMapFromTemplate._a.(anonymous function) (/usr/share/code/resources/app/extensions/node_modules/typescript/lib/tsserver.js:124461:61)
    at /usr/share/code/resources/app/extensions/node_modules/typescript/lib/tsserver.js:125824:88
    at IOSession.Session.executeWithRequestId (/usr/share/code/resources/app/extensions/node_modules/typescript/lib/tsserver.js:125815:28)
    at IOSession.Session.executeCommand (/usr/share/code/resources/app/extensions/node_modules/typescript/lib/tsserver.js:125824:33)
    at IOSession.Session.onMessage (/usr/share/code/resources/app/extensions/node_modules/typescript/lib/tsserver.js:125846:35)
    at Interface.<anonymous> (/usr/share/code/resources/app/extensions/node_modules/typescript/lib/tsserver.js:127106:27)
    at emitOne (events.js:116:13)
    at Interface.emit (events.js:211:7)
    at Interface._onLine (readline.js:282:10)
    at Interface._normalWrite (readline.js:424:12)
    at Socket.ondata (readline.js:141:10)
    at emitOne (events.js:116:13)
    at Socket.emit (events.js:211:7)
    at addChunk (_stream_readable.js:263:12)
    at readableAddChunk (_stream_readable.js:250:11)
    at Socket.Readable.push (_stream_readable.js:208:10)
    at Pipe.onread (net.js:594:20)
[Error  - 20:55:12] 'getCodeFixes' request failed with error.
Error processing request. Debug Failure. Invalid cast. The supplied value [object Object] did not pass the test 'isLabeledStatement'.
Error: Debug Failure. Invalid cast. The supplied value [object Object] did not pass the test 'isLabeledStatement'.
    at Object.cast (/usr/share/code/resources/app/extensions/node_modules/typescript/lib/tsserver.js:1338:22)
    at doChange (/usr/share/code/resources/app/extensions/node_modules/typescript/lib/tsserver.js:112547:39)
    at /usr/share/code/resources/app/extensions/node_modules/typescript/lib/tsserver.js:112539:96
    at Function.ChangeTracker.with (/usr/share/code/resources/app/extensions/node_modules/typescript/lib/tsserver.js:107652:17)
    at Object.getCodeActions (/usr/share/code/resources/app/extensions/node_modules/typescript/lib/tsserver.js:112539:64)
    at /usr/share/code/resources/app/extensions/node_modules/typescript/lib/tsserver.js:108638:121
    at Object.flatMap (/usr/share/code/resources/app/extensions/node_modules/typescript/lib/tsserver.js:504:25)
    at Object.getFixes (/usr/share/code/resources/app/extensions/node_modules/typescript/lib/tsserver.js:108638:23)
    at /usr/share/code/resources/app/extensions/node_modules/typescript/lib/tsserver.js:117737:35
    at Object.flatMap (/usr/share/code/resources/app/extensions/node_modules/typescript/lib/tsserver.js:504:25)
    at Object.getCodeFixesAtPosition (/usr/share/code/resources/app/extensions/node_modules/typescript/lib/tsserver.js:117735:23)
    at IOSession.Session.getCodeFixes (/usr/share/code/resources/app/extensions/node_modules/typescript/lib/tsserver.js:125655:64)
    at Session.handlers.ts.createMapFromTemplate._a.(anonymous function) (/usr/share/code/resources/app/extensions/node_modules/typescript/lib/tsserver.js:124461:61)
    at /usr/share/code/resources/app/extensions/node_modules/typescript/lib/tsserver.js:125824:88
    at IOSession.Session.executeWithRequestId (/usr/share/code/resources/app/extensions/node_modules/typescript/lib/tsserver.js:125815:28)
    at IOSession.Session.executeCommand (/usr/share/code/resources/app/extensions/node_modules/typescript/lib/tsserver.js:125824:33)
    at IOSession.Session.onMessage (/usr/share/code/resources/app/extensions/node_modules/typescript/lib/tsserver.js:125846:35)
    at Interface.<anonymous> (/usr/share/code/resources/app/extensions/node_modules/typescript/lib/tsserver.js:127106:27)
    at emitOne (events.js:116:13)
    at Interface.emit (events.js:211:7)
    at Interface._onLine (readline.js:282:10)
    at Interface._normalWrite (readline.js:424:12)
    at Socket.ondata (readline.js:141:10)
    at emitOne (events.js:116:13)
    at Socket.emit (events.js:211:7)
    at addChunk (_stream_readable.js:263:12)
    at readableAddChunk (_stream_readable.js:250:11)
    at Socket.Readable.push (_stream_readable.js:208:10)
    at Pipe.onread (net.js:594:20)
[Error  - 20:55:12] 'getCodeFixes' request failed with error.
Error processing request. Debug Failure. Invalid cast. The supplied value [object Object] did not pass the test 'isLabeledStatement'.
Error: Debug Failure. Invalid cast. The supplied value [object Object] did not pass the test 'isLabeledStatement'.
    at Object.cast (/usr/share/code/resources/app/extensions/node_modules/typescript/lib/tsserver.js:1338:22)
    at doChange (/usr/share/code/resources/app/extensions/node_modules/typescript/lib/tsserver.js:112547:39)
    at /usr/share/code/resources/app/extensions/node_modules/typescript/lib/tsserver.js:112539:96
    at Function.ChangeTracker.with (/usr/share/code/resources/app/extensions/node_modules/typescript/lib/tsserver.js:107652:17)
    at Object.getCodeActions (/usr/share/code/resources/app/extensions/node_modules/typescript/lib/tsserver.js:112539:64)
    at /usr/share/code/resources/app/extensions/node_modules/typescript/lib/tsserver.js:108638:121
    at Object.flatMap (/usr/share/code/resources/app/extensions/node_modules/typescript/lib/tsserver.js:504:25)
    at Object.getFixes (/usr/share/code/resources/app/extensions/node_modules/typescript/lib/tsserver.js:108638:23)
    at /usr/share/code/resources/app/extensions/node_modules/typescript/lib/tsserver.js:117737:35
    at Object.flatMap (/usr/share/code/resources/app/extensions/node_modules/typescript/lib/tsserver.js:504:25)
    at Object.getCodeFixesAtPosition (/usr/share/code/resources/app/extensions/node_modules/typescript/lib/tsserver.js:117735:23)
    at IOSession.Session.getCodeFixes (/usr/share/code/resources/app/extensions/node_modules/typescript/lib/tsserver.js:125655:64)
    at Session.handlers.ts.createMapFromTemplate._a.(anonymous function) (/usr/share/code/resources/app/extensions/node_modules/typescript/lib/tsserver.js:124461:61)
    at /usr/share/code/resources/app/extensions/node_modules/typescript/lib/tsserver.js:125824:88
    at IOSession.Session.executeWithRequestId (/usr/share/code/resources/app/extensions/node_modules/typescript/lib/tsserver.js:125815:28)
    at IOSession.Session.executeCommand (/usr/share/code/resources/app/extensions/node_modules/typescript/lib/tsserver.js:125824:33)
    at IOSession.Session.onMessage (/usr/share/code/resources/app/extensions/node_modules/typescript/lib/tsserver.js:125846:35)
    at Interface.<anonymous> (/usr/share/code/resources/app/extensions/node_modules/typescript/lib/tsserver.js:127106:27)
    at emitOne (events.js:116:13)
    at Interface.emit (events.js:211:7)
    at Interface._onLine (readline.js:282:10)
    at Interface._normalWrite (readline.js:424:12)
    at Socket.ondata (readline.js:141:10)
    at emitOne (events.js:116:13)
    at Socket.emit (events.js:211:7)
    at addChunk (_stream_readable.js:263:12)
    at readableAddChunk (_stream_readable.js:250:11)
    at Socket.Readable.push (_stream_readable.js:208:10)
    at Pipe.onread (net.js:594:20)
[Error  - 20:55:12] 'getCodeFixes' request failed with error.
Error processing request. Debug Failure. Invalid cast. The supplied value [object Object] did not pass the test 'isLabeledStatement'.
Error: Debug Failure. Invalid cast. The supplied value [object Object] did not pass the test 'isLabeledStatement'.
    at Object.cast (/usr/share/code/resources/app/extensions/node_modules/typescript/lib/tsserver.js:1338:22)
    at doChange (/usr/share/code/resources/app/extensions/node_modules/typescript/lib/tsserver.js:112547:39)
    at /usr/share/code/resources/app/extensions/node_modules/typescript/lib/tsserver.js:112539:96
    at Function.ChangeTracker.with (/usr/share/code/resources/app/extensions/node_modules/typescript/lib/tsserver.js:107652:17)
    at Object.getCodeActions (/usr/share/code/resources/app/extensions/node_modules/typescript/lib/tsserver.js:112539:64)
    at /usr/share/code/resources/app/extensions/node_modules/typescript/lib/tsserver.js:108638:121
    at Object.flatMap (/usr/share/code/resources/app/extensions/node_modules/typescript/lib/tsserver.js:504:25)
    at Object.getFixes (/usr/share/code/resources/app/extensions/node_modules/typescript/lib/tsserver.js:108638:23)
    at /usr/share/code/resources/app/extensions/node_modules/typescript/lib/tsserver.js:117737:35
    at Object.flatMap (/usr/share/code/resources/app/extensions/node_modules/typescript/lib/tsserver.js:504:25)
    at Object.getCodeFixesAtPosition (/usr/share/code/resources/app/extensions/node_modules/typescript/lib/tsserver.js:117735:23)
    at IOSession.Session.getCodeFixes (/usr/share/code/resources/app/extensions/node_modules/typescript/lib/tsserver.js:125655:64)
    at Session.handlers.ts.createMapFromTemplate._a.(anonymous function) (/usr/share/code/resources/app/extensions/node_modules/typescript/lib/tsserver.js:124461:61)
    at /usr/share/code/resources/app/extensions/node_modules/typescript/lib/tsserver.js:125824:88
    at IOSession.Session.executeWithRequestId (/usr/share/code/resources/app/extensions/node_modules/typescript/lib/tsserver.js:125815:28)
    at IOSession.Session.executeCommand (/usr/share/code/resources/app/extensions/node_modules/typescript/lib/tsserver.js:125824:33)
    at IOSession.Session.onMessage (/usr/share/code/resources/app/extensions/node_modules/typescript/lib/tsserver.js:125846:35)
    at Interface.<anonymous> (/usr/share/code/resources/app/extensions/node_modules/typescript/lib/tsserver.js:127106:27)
    at emitOne (events.js:116:13)
    at Interface.emit (events.js:211:7)
    at Interface._onLine (readline.js:282:10)
    at Interface._normalWrite (readline.js:424:12)
    at Socket.ondata (readline.js:141:10)
    at emitOne (events.js:116:13)
    at Socket.emit (events.js:211:7)
    at addChunk (_stream_readable.js:263:12)
    at readableAddChunk (_stream_readable.js:250:11)
    at Socket.Readable.push (_stream_readable.js:208:10)
    at Pipe.onread (net.js:594:20)
[Error  - 20:55:12] 'getCodeFixes' request failed with error.
Error processing request. Debug Failure. Invalid cast. The supplied value [object Object] did not pass the test 'isLabeledStatement'.
Error: Debug Failure. Invalid cast. The supplied value [object Object] did not pass the test 'isLabeledStatement'.
    at Object.cast (/usr/share/code/resources/app/extensions/node_modules/typescript/lib/tsserver.js:1338:22)
    at doChange (/usr/share/code/resources/app/extensions/node_modules/typescript/lib/tsserver.js:112547:39)
    at /usr/share/code/resources/app/extensions/node_modules/typescript/lib/tsserver.js:112539:96
    at Function.ChangeTracker.with (/usr/share/code/resources/app/extensions/node_modules/typescript/lib/tsserver.js:107652:17)
    at Object.getCodeActions (/usr/share/code/resources/app/extensions/node_modules/typescript/lib/tsserver.js:112539:64)
    at /usr/share/code/resources/app/extensions/node_modules/typescript/lib/tsserver.js:108638:121
    at Object.flatMap (/usr/share/code/resources/app/extensions/node_modules/typescript/lib/tsserver.js:504:25)
    at Object.getFixes (/usr/share/code/resources/app/extensions/node_modules/typescript/lib/tsserver.js:108638:23)
    at /usr/share/code/resources/app/extensions/node_modules/typescript/lib/tsserver.js:117737:35
    at Object.flatMap (/usr/share/code/resources/app/extensions/node_modules/typescript/lib/tsserver.js:504:25)
    at Object.getCodeFixesAtPosition (/usr/share/code/resources/app/extensions/node_modules/typescript/lib/tsserver.js:117735:23)
    at IOSession.Session.getCodeFixes (/usr/share/code/resources/app/extensions/node_modules/typescript/lib/tsserver.js:125655:64)
    at Session.handlers.ts.createMapFromTemplate._a.(anonymous function) (/usr/share/code/resources/app/extensions/node_modules/typescript/lib/tsserver.js:124461:61)
    at /usr/share/code/resources/app/extensions/node_modules/typescript/lib/tsserver.js:125824:88
    at IOSession.Session.executeWithRequestId (/usr/share/code/resources/app/extensions/node_modules/typescript/lib/tsserver.js:125815:28)
    at IOSession.Session.executeCommand (/usr/share/code/resources/app/extensions/node_modules/typescript/lib/tsserver.js:125824:33)
    at IOSession.Session.onMessage (/usr/share/code/resources/app/extensions/node_modules/typescript/lib/tsserver.js:125846:35)
    at Interface.<anonymous> (/usr/share/code/resources/app/extensions/node_modules/typescript/lib/tsserver.js:127106:27)
    at emitOne (events.js:116:13)
    at Interface.emit (events.js:211:7)
    at Interface._onLine (readline.js:282:10)
    at Interface._normalWrite (readline.js:424:12)
    at Socket.ondata (readline.js:141:10)
    at emitOne (events.js:116:13)
    at Socket.emit (events.js:211:7)
    at addChunk (_stream_readable.js:263:12)
    at readableAddChunk (_stream_readable.js:250:11)
    at Socket.Readable.push (_stream_readable.js:208:10)
    at Pipe.onread (net.js:594:20)
[Error  - 20:55:12] 'getCodeFixes' request failed with error.
Error processing request. Debug Failure. Invalid cast. The supplied value [object Object] did not pass the test 'isLabeledStatement'.
Error: Debug Failure. Invalid cast. The supplied value [object Object] did not pass the test 'isLabeledStatement'.
    at Object.cast (/usr/share/code/resources/app/extensions/node_modules/typescript/lib/tsserver.js:1338:22)
    at doChange (/usr/share/code/resources/app/extensions/node_modules/typescript/lib/tsserver.js:112547:39)
    at /usr/share/code/resources/app/extensions/node_modules/typescript/lib/tsserver.js:112539:96
    at Function.ChangeTracker.with (/usr/share/code/resources/app/extensions/node_modules/typescript/lib/tsserver.js:107652:17)
    at Object.getCodeActions (/usr/share/code/resources/app/extensions/node_modules/typescript/lib/tsserver.js:112539:64)
    at /usr/share/code/resources/app/extensions/node_modules/typescript/lib/tsserver.js:108638:121
    at Object.flatMap (/usr/share/code/resources/app/extensions/node_modules/typescript/lib/tsserver.js:504:25)
    at Object.getFixes (/usr/share/code/resources/app/extensions/node_modules/typescript/lib/tsserver.js:108638:23)
    at /usr/share/code/resources/app/extensions/node_modules/typescript/lib/tsserver.js:117737:35
    at Object.flatMap (/usr/share/code/resources/app/extensions/node_modules/typescript/lib/tsserver.js:504:25)
    at Object.getCodeFixesAtPosition (/usr/share/code/resources/app/extensions/node_modules/typescript/lib/tsserver.js:117735:23)
    at IOSession.Session.getCodeFixes (/usr/share/code/resources/app/extensions/node_modules/typescript/lib/tsserver.js:125655:64)
    at Session.handlers.ts.createMapFromTemplate._a.(anonymous function) (/usr/share/code/resources/app/extensions/node_modules/typescript/lib/tsserver.js:124461:61)
    at /usr/share/code/resources/app/extensions/node_modules/typescript/lib/tsserver.js:125824:88
    at IOSession.Session.executeWithRequestId (/usr/share/code/resources/app/extensions/node_modules/typescript/lib/tsserver.js:125815:28)
    at IOSession.Session.executeCommand (/usr/share/code/resources/app/extensions/node_modules/typescript/lib/tsserver.js:125824:33)
    at IOSession.Session.onMessage (/usr/share/code/resources/app/extensions/node_modules/typescript/lib/tsserver.js:125846:35)
    at Interface.<anonymous> (/usr/share/code/resources/app/extensions/node_modules/typescript/lib/tsserver.js:127106:27)
    at emitOne (events.js:116:13)
    at Interface.emit (events.js:211:7)
    at Interface._onLine (readline.js:282:10)
    at Interface._normalWrite (readline.js:424:12)
    at Socket.ondata (readline.js:141:10)
    at emitOne (events.js:116:13)
    at Socket.emit (events.js:211:7)
    at addChunk (_stream_readable.js:263:12)
    at readableAddChunk (_stream_readable.js:250:11)
    at Socket.Readable.push (_stream_readable.js:208:10)
    at Pipe.onread (net.js:594:20)
[Error  - 20:55:12] 'getCodeFixes' request failed with error.
Error processing request. Debug Failure. Invalid cast. The supplied value [object Object] did not pass the test 'isLabeledStatement'.
Error: Debug Failure. Invalid cast. The supplied value [object Object] did not pass the test 'isLabeledStatement'.
    at Object.cast (/usr/share/code/resources/app/extensions/node_modules/typescript/lib/tsserver.js:1338:22)
    at doChange (/usr/share/code/resources/app/extensions/node_modules/typescript/lib/tsserver.js:112547:39)
    at /usr/share/code/resources/app/extensions/node_modules/typescript/lib/tsserver.js:112539:96
    at Function.ChangeTracker.with (/usr/share/code/resources/app/extensions/node_modules/typescript/lib/tsserver.js:107652:17)
    at Object.getCodeActions (/usr/share/code/resources/app/extensions/node_modules/typescript/lib/tsserver.js:112539:64)
    at /usr/share/code/resources/app/extensions/node_modules/typescript/lib/tsserver.js:108638:121
    at Object.flatMap (/usr/share/code/resources/app/extensions/node_modules/typescript/lib/tsserver.js:504:25)
    at Object.getFixes (/usr/share/code/resources/app/extensions/node_modules/typescript/lib/tsserver.js:108638:23)
    at /usr/share/code/resources/app/extensions/node_modules/typescript/lib/tsserver.js:117737:35
    at Object.flatMap (/usr/share/code/resources/app/extensions/node_modules/typescript/lib/tsserver.js:504:25)
    at Object.getCodeFixesAtPosition (/usr/share/code/resources/app/extensions/node_modules/typescript/lib/tsserver.js:117735:23)
    at IOSession.Session.getCodeFixes (/usr/share/code/resources/app/extensions/node_modules/typescript/lib/tsserver.js:125655:64)
    at Session.handlers.ts.createMapFromTemplate._a.(anonymous function) (/usr/share/code/resources/app/extensions/node_modules/typescript/lib/tsserver.js:124461:61)
    at /usr/share/code/resources/app/extensions/node_modules/typescript/lib/tsserver.js:125824:88
    at IOSession.Session.executeWithRequestId (/usr/share/code/resources/app/extensions/node_modules/typescript/lib/tsserver.js:125815:28)
    at IOSession.Session.executeCommand (/usr/share/code/resources/app/extensions/node_modules/typescript/lib/tsserver.js:125824:33)
    at IOSession.Session.onMessage (/usr/share/code/resources/app/extensions/node_modules/typescript/lib/tsserver.js:125846:35)
    at Interface.<anonymous> (/usr/share/code/resources/app/extensions/node_modules/typescript/lib/tsserver.js:127106:27)
    at emitOne (events.js:116:13)
    at Interface.emit (events.js:211:7)
    at Interface._onLine (readline.js:282:10)
    at Interface._normalWrite (readline.js:424:12)
    at Socket.ondata (readline.js:141:10)
    at emitOne (events.js:116:13)
    at Socket.emit (events.js:211:7)
    at addChunk (_stream_readable.js:263:12)
    at readableAddChunk (_stream_readable.js:250:11)
    at Socket.Readable.push (_stream_readable.js:208:10)
    at Pipe.onread (net.js:594:20)
[Error  - 20:55:12] 'getCodeFixes' request failed with error.
Error processing request. Debug Failure. Invalid cast. The supplied value [object Object] did not pass the test 'isLabeledStatement'.
Error: Debug Failure. Invalid cast. The supplied value [object Object] did not pass the test 'isLabeledStatement'.
    at Object.cast (/usr/share/code/resources/app/extensions/node_modules/typescript/lib/tsserver.js:1338:22)
    at doChange (/usr/share/code/resources/app/extensions/node_modules/typescript/lib/tsserver.js:112547:39)
    at /usr/share/code/resources/app/extensions/node_modules/typescript/lib/tsserver.js:112539:96
    at Function.ChangeTracker.with (/usr/share/code/resources/app/extensions/node_modules/typescript/lib/tsserver.js:107652:17)
    at Object.getCodeActions (/usr/share/code/resources/app/extensions/node_modules/typescript/lib/tsserver.js:112539:64)
    at /usr/share/code/resources/app/extensions/node_modules/typescript/lib/tsserver.js:108638:121
    at Object.flatMap (/usr/share/code/resources/app/extensions/node_modules/typescript/lib/tsserver.js:504:25)
    at Object.getFixes (/usr/share/code/resources/app/extensions/node_modules/typescript/lib/tsserver.js:108638:23)
    at /usr/share/code/resources/app/extensions/node_modules/typescript/lib/tsserver.js:117737:35
    at Object.flatMap (/usr/share/code/resources/app/extensions/node_modules/typescript/lib/tsserver.js:504:25)
    at Object.getCodeFixesAtPosition (/usr/share/code/resources/app/extensions/node_modules/typescript/lib/tsserver.js:117735:23)
    at IOSession.Session.getCodeFixes (/usr/share/code/resources/app/extensions/node_modules/typescript/lib/tsserver.js:125655:64)
    at Session.handlers.ts.createMapFromTemplate._a.(anonymous function) (/usr/share/code/resources/app/extensions/node_modules/typescript/lib/tsserver.js:124461:61)
    at /usr/share/code/resources/app/extensions/node_modules/typescript/lib/tsserver.js:125824:88
    at IOSession.Session.executeWithRequestId (/usr/share/code/resources/app/extensions/node_modules/typescript/lib/tsserver.js:125815:28)
    at IOSession.Session.executeCommand (/usr/share/code/resources/app/extensions/node_modules/typescript/lib/tsserver.js:125824:33)
    at IOSession.Session.onMessage (/usr/share/code/resources/app/extensions/node_modules/typescript/lib/tsserver.js:125846:35)
    at Interface.<anonymous> (/usr/share/code/resources/app/extensions/node_modules/typescript/lib/tsserver.js:127106:27)
    at emitOne (events.js:116:13)
    at Interface.emit (events.js:211:7)
    at Interface._onLine (readline.js:282:10)
    at Interface._normalWrite (readline.js:424:12)
    at Socket.ondata (readline.js:141:10)
    at emitOne (events.js:116:13)
    at Socket.emit (events.js:211:7)
    at addChunk (_stream_readable.js:263:12)
    at readableAddChunk (_stream_readable.js:250:11)
    at Socket.Readable.push (_stream_readable.js:208:10)
    at Pipe.onread (net.js:594:20)
[Error  - 20:55:12] 'getCodeFixes' request failed with error.
Error processing request. Debug Failure. Invalid cast. The supplied value [object Object] did not pass the test 'isLabeledStatement'.
Error: Debug Failure. Invalid cast. The supplied value [object Object] did not pass the test 'isLabeledStatement'.
    at Object.cast (/usr/share/code/resources/app/extensions/node_modules/typescript/lib/tsserver.js:1338:22)
    at doChange (/usr/share/code/resources/app/extensions/node_modules/typescript/lib/tsserver.js:112547:39)
    at /usr/share/code/resources/app/extensions/node_modules/typescript/lib/tsserver.js:112539:96
    at Function.ChangeTracker.with (/usr/share/code/resources/app/extensions/node_modules/typescript/lib/tsserver.js:107652:17)
    at Object.getCodeActions (/usr/share/code/resources/app/extensions/node_modules/typescript/lib/tsserver.js:112539:64)
    at /usr/share/code/resources/app/extensions/node_modules/typescript/lib/tsserver.js:108638:121
    at Object.flatMap (/usr/share/code/resources/app/extensions/node_modules/typescript/lib/tsserver.js:504:25)
    at Object.getFixes (/usr/share/code/resources/app/extensions/node_modules/typescript/lib/tsserver.js:108638:23)
    at /usr/share/code/resources/app/extensions/node_modules/typescript/lib/tsserver.js:117737:35
    at Object.flatMap (/usr/share/code/resources/app/extensions/node_modules/typescript/lib/tsserver.js:504:25)
    at Object.getCodeFixesAtPosition (/usr/share/code/resources/app/extensions/node_modules/typescript/lib/tsserver.js:117735:23)
    at IOSession.Session.getCodeFixes (/usr/share/code/resources/app/extensions/node_modules/typescript/lib/tsserver.js:125655:64)
    at Session.handlers.ts.createMapFromTemplate._a.(anonymous function) (/usr/share/code/resources/app/extensions/node_modules/typescript/lib/tsserver.js:124461:61)
    at /usr/share/code/resources/app/extensions/node_modules/typescript/lib/tsserver.js:125824:88
    at IOSession.Session.executeWithRequestId (/usr/share/code/resources/app/extensions/node_modules/typescript/lib/tsserver.js:125815:28)
    at IOSession.Session.executeCommand (/usr/share/code/resources/app/extensions/node_modules/typescript/lib/tsserver.js:125824:33)
    at IOSession.Session.onMessage (/usr/share/code/resources/app/extensions/node_modules/typescript/lib/tsserver.js:125846:35)
    at Interface.<anonymous> (/usr/share/code/resources/app/extensions/node_modules/typescript/lib/tsserver.js:127106:27)
    at emitOne (events.js:116:13)
    at Interface.emit (events.js:211:7)
    at Interface._onLine (readline.js:282:10)
    at Interface._normalWrite (readline.js:424:12)
    at Socket.ondata (readline.js:141:10)
    at emitOne (events.js:116:13)
    at Socket.emit (events.js:211:7)
    at addChunk (_stream_readable.js:263:12)
    at readableAddChunk (_stream_readable.js:250:11)
    at Socket.Readable.push (_stream_readable.js:208:10)
    at Pipe.onread (net.js:594:20)
[Error  - 20:55:12] 'getCodeFixes' request failed with error.
Error processing request. Debug Failure. Invalid cast. The supplied value [object Object] did not pass the test 'isLabeledStatement'.
Error: Debug Failure. Invalid cast. The supplied value [object Object] did not pass the test 'isLabeledStatement'.
    at Object.cast (/usr/share/code/resources/app/extensions/node_modules/typescript/lib/tsserver.js:1338:22)
    at doChange (/usr/share/code/resources/app/extensions/node_modules/typescript/lib/tsserver.js:112547:39)
    at /usr/share/code/resources/app/extensions/node_modules/typescript/lib/tsserver.js:112539:96
    at Function.ChangeTracker.with (/usr/share/code/resources/app/extensions/node_modules/typescript/lib/tsserver.js:107652:17)
    at Object.getCodeActions (/usr/share/code/resources/app/extensions/node_modules/typescript/lib/tsserver.js:112539:64)
    at /usr/share/code/resources/app/extensions/node_modules/typescript/lib/tsserver.js:108638:121
    at Object.flatMap (/usr/share/code/resources/app/extensions/node_modules/typescript/lib/tsserver.js:504:25)
    at Object.getFixes (/usr/share/code/resources/app/extensions/node_modules/typescript/lib/tsserver.js:108638:23)
    at /usr/share/code/resources/app/extensions/node_modules/typescript/lib/tsserver.js:117737:35
    at Object.flatMap (/usr/share/code/resources/app/extensions/node_modules/typescript/lib/tsserver.js:504:25)
    at Object.getCodeFixesAtPosition (/usr/share/code/resources/app/extensions/node_modules/typescript/lib/tsserver.js:117735:23)
    at IOSession.Session.getCodeFixes (/usr/share/code/resources/app/extensions/node_modules/typescript/lib/tsserver.js:125655:64)
    at Session.handlers.ts.createMapFromTemplate._a.(anonymous function) (/usr/share/code/resources/app/extensions/node_modules/typescript/lib/tsserver.js:124461:61)
    at /usr/share/code/resources/app/extensions/node_modules/typescript/lib/tsserver.js:125824:88
    at IOSession.Session.executeWithRequestId (/usr/share/code/resources/app/extensions/node_modules/typescript/lib/tsserver.js:125815:28)
    at IOSession.Session.executeCommand (/usr/share/code/resources/app/extensions/node_modules/typescript/lib/tsserver.js:125824:33)
    at IOSession.Session.onMessage (/usr/share/code/resources/app/extensions/node_modules/typescript/lib/tsserver.js:125846:35)
    at Interface.<anonymous> (/usr/share/code/resources/app/extensions/node_modules/typescript/lib/tsserver.js:127106:27)
    at emitOne (events.js:116:13)
    at Interface.emit (events.js:211:7)
    at Interface._onLine (readline.js:282:10)
    at Interface._normalWrite (readline.js:424:12)
    at Socket.ondata (readline.js:141:10)
    at emitOne (events.js:116:13)
    at Socket.emit (events.js:211:7)
    at addChunk (_stream_readable.js:263:12)
    at readableAddChunk (_stream_readable.js:250:11)
    at Socket.Readable.push (_stream_readable.js:208:10)
    at Pipe.onread (net.js:594:20)
[Error  - 20:55:12] 'getCodeFixes' request failed with error.
Error processing request. Debug Failure. Invalid cast. The supplied value [object Object] did not pass the test 'isLabeledStatement'.
Error: Debug Failure. Invalid cast. The supplied value [object Object] did not pass the test 'isLabeledStatement'.
    at Object.cast (/usr/share/code/resources/app/extensions/node_modules/typescript/lib/tsserver.js:1338:22)
    at doChange (/usr/share/code/resources/app/extensions/node_modules/typescript/lib/tsserver.js:112547:39)
    at /usr/share/code/resources/app/extensions/node_modules/typescript/lib/tsserver.js:112539:96
    at Function.ChangeTracker.with (/usr/share/code/resources/app/extensions/node_modules/typescript/lib/tsserver.js:107652:17)
    at Object.getCodeActions (/usr/share/code/resources/app/extensions/node_modules/typescript/lib/tsserver.js:112539:64)
    at /usr/share/code/resources/app/extensions/node_modules/typescript/lib/tsserver.js:108638:121
    at Object.flatMap (/usr/share/code/resources/app/extensions/node_modules/typescript/lib/tsserver.js:504:25)
    at Object.getFixes (/usr/share/code/resources/app/extensions/node_modules/typescript/lib/tsserver.js:108638:23)
    at /usr/share/code/resources/app/extensions/node_modules/typescript/lib/tsserver.js:117737:35
    at Object.flatMap (/usr/share/code/resources/app/extensions/node_modules/typescript/lib/tsserver.js:504:25)
    at Object.getCodeFixesAtPosition (/usr/share/code/resources/app/extensions/node_modules/typescript/lib/tsserver.js:117735:23)
    at IOSession.Session.getCodeFixes (/usr/share/code/resources/app/extensions/node_modules/typescript/lib/tsserver.js:125655:64)
    at Session.handlers.ts.createMapFromTemplate._a.(anonymous function) (/usr/share/code/resources/app/extensions/node_modules/typescript/lib/tsserver.js:124461:61)
    at /usr/share/code/resources/app/extensions/node_modules/typescript/lib/tsserver.js:125824:88
    at IOSession.Session.executeWithRequestId (/usr/share/code/resources/app/extensions/node_modules/typescript/lib/tsserver.js:125815:28)
    at IOSession.Session.executeCommand (/usr/share/code/resources/app/extensions/node_modules/typescript/lib/tsserver.js:125824:33)
    at IOSession.Session.onMessage (/usr/share/code/resources/app/extensions/node_modules/typescript/lib/tsserver.js:125846:35)
    at Interface.<anonymous> (/usr/share/code/resources/app/extensions/node_modules/typescript/lib/tsserver.js:127106:27)
    at emitOne (events.js:116:13)
    at Interface.emit (events.js:211:7)
    at Interface._onLine (readline.js:282:10)
    at Interface._normalWrite (readline.js:424:12)
    at Socket.ondata (readline.js:141:10)
    at emitOne (events.js:116:13)
    at Socket.emit (events.js:211:7)
    at addChunk (_stream_readable.js:263:12)
    at readableAddChunk (_stream_readable.js:250:11)
    at Socket.Readable.push (_stream_readable.js:208:10)
    at Pipe.onread (net.js:594:20)
[Error  - 20:55:12] 'getCodeFixes' request failed with error.
Error processing request. Debug Failure. Invalid cast. The supplied value [object Object] did not pass the test 'isLabeledStatement'.
Error: Debug Failure. Invalid cast. The supplied value [object Object] did not pass the test 'isLabeledStatement'.
    at Object.cast (/usr/share/code/resources/app/extensions/node_modules/typescript/lib/tsserver.js:1338:22)
    at doChange (/usr/share/code/resources/app/extensions/node_modules/typescript/lib/tsserver.js:112547:39)
    at /usr/share/code/resources/app/extensions/node_modules/typescript/lib/tsserver.js:112539:96
    at Function.ChangeTracker.with (/usr/share/code/resources/app/extensions/node_modules/typescript/lib/tsserver.js:107652:17)
    at Object.getCodeActions (/usr/share/code/resources/app/extensions/node_modules/typescript/lib/tsserver.js:112539:64)
    at /usr/share/code/resources/app/extensions/node_modules/typescript/lib/tsserver.js:108638:121
    at Object.flatMap (/usr/share/code/resources/app/extensions/node_modules/typescript/lib/tsserver.js:504:25)
    at Object.getFixes (/usr/share/code/resources/app/extensions/node_modules/typescript/lib/tsserver.js:108638:23)
    at /usr/share/code/resources/app/extensions/node_modules/typescript/lib/tsserver.js:117737:35
    at Object.flatMap (/usr/share/code/resources/app/extensions/node_modules/typescript/lib/tsserver.js:504:25)
    at Object.getCodeFixesAtPosition (/usr/share/code/resources/app/extensions/node_modules/typescript/lib/tsserver.js:117735:23)
    at IOSession.Session.getCodeFixes (/usr/share/code/resources/app/extensions/node_modules/typescript/lib/tsserver.js:125655:64)
    at Session.handlers.ts.createMapFromTemplate._a.(anonymous function) (/usr/share/code/resources/app/extensions/node_modules/typescript/lib/tsserver.js:124461:61)
    at /usr/share/code/resources/app/extensions/node_modules/typescript/lib/tsserver.js:125824:88
    at IOSession.Session.executeWithRequestId (/usr/share/code/resources/app/extensions/node_modules/typescript/lib/tsserver.js:125815:28)
    at IOSession.Session.executeCommand (/usr/share/code/resources/app/extensions/node_modules/typescript/lib/tsserver.js:125824:33)
    at IOSession.Session.onMessage (/usr/share/code/resources/app/extensions/node_modules/typescript/lib/tsserver.js:125846:35)
    at Interface.<anonymous> (/usr/share/code/resources/app/extensions/node_modules/typescript/lib/tsserver.js:127106:27)
    at emitOne (events.js:116:13)
    at Interface.emit (events.js:211:7)
    at Interface._onLine (readline.js:282:10)
    at Interface._normalWrite (readline.js:424:12)
    at Socket.ondata (readline.js:141:10)
    at emitOne (events.js:116:13)
    at Socket.emit (events.js:211:7)
    at addChunk (_stream_readable.js:263:12)
    at readableAddChunk (_stream_readable.js:250:11)
    at Socket.Readable.push (_stream_readable.js:208:10)
    at Pipe.onread (net.js:594:20)
[Error  - 20:55:12] 'getCodeFixes' request failed with error.
Error processing request. Debug Failure. Invalid cast. The supplied value [object Object] did not pass the test 'isLabeledStatement'.
Error: Debug Failure. Invalid cast. The supplied value [object Object] did not pass the test 'isLabeledStatement'.
    at Object.cast (/usr/share/code/resources/app/extensions/node_modules/typescript/lib/tsserver.js:1338:22)
    at doChange (/usr/share/code/resources/app/extensions/node_modules/typescript/lib/tsserver.js:112547:39)
    at /usr/share/code/resources/app/extensions/node_modules/typescript/lib/tsserver.js:112539:96
    at Function.ChangeTracker.with (/usr/share/code/resources/app/extensions/node_modules/typescript/lib/tsserver.js:107652:17)
    at Object.getCodeActions (/usr/share/code/resources/app/extensions/node_modules/typescript/lib/tsserver.js:112539:64)
    at /usr/share/code/resources/app/extensions/node_modules/typescript/lib/tsserver.js:108638:121
    at Object.flatMap (/usr/share/code/resources/app/extensions/node_modules/typescript/lib/tsserver.js:504:25)
    at Object.getFixes (/usr/share/code/resources/app/extensions/node_modules/typescript/lib/tsserver.js:108638:23)
    at /usr/share/code/resources/app/extensions/node_modules/typescript/lib/tsserver.js:117737:35
    at Object.flatMap (/usr/share/code/resources/app/extensions/node_modules/typescript/lib/tsserver.js:504:25)
    at Object.getCodeFixesAtPosition (/usr/share/code/resources/app/extensions/node_modules/typescript/lib/tsserver.js:117735:23)
    at IOSession.Session.getCodeFixes (/usr/share/code/resources/app/extensions/node_modules/typescript/lib/tsserver.js:125655:64)
    at Session.handlers.ts.createMapFromTemplate._a.(anonymous function) (/usr/share/code/resources/app/extensions/node_modules/typescript/lib/tsserver.js:124461:61)
    at /usr/share/code/resources/app/extensions/node_modules/typescript/lib/tsserver.js:125824:88
    at IOSession.Session.executeWithRequestId (/usr/share/code/resources/app/extensions/node_modules/typescript/lib/tsserver.js:125815:28)
    at IOSession.Session.executeCommand (/usr/share/code/resources/app/extensions/node_modules/typescript/lib/tsserver.js:125824:33)
    at IOSession.Session.onMessage (/usr/share/code/resources/app/extensions/node_modules/typescript/lib/tsserver.js:125846:35)
    at Interface.<anonymous> (/usr/share/code/resources/app/extensions/node_modules/typescript/lib/tsserver.js:127106:27)
    at emitOne (events.js:116:13)
    at Interface.emit (events.js:211:7)
    at Interface._onLine (readline.js:282:10)
    at Interface._normalWrite (readline.js:424:12)
    at Socket.ondata (readline.js:141:10)
    at emitOne (events.js:116:13)
    at Socket.emit (events.js:211:7)
    at addChunk (_stream_readable.js:263:12)
    at readableAddChunk (_stream_readable.js:250:11)
    at Socket.Readable.push (_stream_readable.js:208:10)
    at Pipe.onread (net.js:594:20)
[Error  - 20:55:12] 'getCodeFixes' request failed with error.
Error processing request. Debug Failure. Invalid cast. The supplied value [object Object] did not pass the test 'isLabeledStatement'.
Error: Debug Failure. Invalid cast. The supplied value [object Object] did not pass the test 'isLabeledStatement'.
    at Object.cast (/usr/share/code/resources/app/extensions/node_modules/typescript/lib/tsserver.js:1338:22)
    at doChange (/usr/share/code/resources/app/extensions/node_modules/typescript/lib/tsserver.js:112547:39)
    at /usr/share/code/resources/app/extensions/node_modules/typescript/lib/tsserver.js:112539:96
    at Function.ChangeTracker.with (/usr/share/code/resources/app/extensions/node_modules/typescript/lib/tsserver.js:107652:17)
    at Object.getCodeActions (/usr/share/code/resources/app/extensions/node_modules/typescript/lib/tsserver.js:112539:64)
    at /usr/share/code/resources/app/extensions/node_modules/typescript/lib/tsserver.js:108638:121
    at Object.flatMap (/usr/share/code/resources/app/extensions/node_modules/typescript/lib/tsserver.js:504:25)
    at Object.getFixes (/usr/share/code/resources/app/extensions/node_modules/typescript/lib/tsserver.js:108638:23)
    at /usr/share/code/resources/app/extensions/node_modules/typescript/lib/tsserver.js:117737:35
    at Object.flatMap (/usr/share/code/resources/app/extensions/node_modules/typescript/lib/tsserver.js:504:25)
    at Object.getCodeFixesAtPosition (/usr/share/code/resources/app/extensions/node_modules/typescript/lib/tsserver.js:117735:23)
    at IOSession.Session.getCodeFixes (/usr/share/code/resources/app/extensions/node_modules/typescript/lib/tsserver.js:125655:64)
    at Session.handlers.ts.createMapFromTemplate._a.(anonymous function) (/usr/share/code/resources/app/extensions/node_modules/typescript/lib/tsserver.js:124461:61)
    at /usr/share/code/resources/app/extensions/node_modules/typescript/lib/tsserver.js:125824:88
    at IOSession.Session.executeWithRequestId (/usr/share/code/resources/app/extensions/node_modules/typescript/lib/tsserver.js:125815:28)
    at IOSession.Session.executeCommand (/usr/share/code/resources/app/extensions/node_modules/typescript/lib/tsserver.js:125824:33)
    at IOSession.Session.onMessage (/usr/share/code/resources/app/extensions/node_modules/typescript/lib/tsserver.js:125846:35)
    at Interface.<anonymous> (/usr/share/code/resources/app/extensions/node_modules/typescript/lib/tsserver.js:127106:27)
    at emitOne (events.js:116:13)
    at Interface.emit (events.js:211:7)
    at Interface._onLine (readline.js:282:10)
    at Interface._normalWrite (readline.js:424:12)
    at Socket.ondata (readline.js:141:10)
    at emitOne (events.js:116:13)
    at Socket.emit (events.js:211:7)
    at addChunk (_stream_readable.js:263:12)
    at readableAddChunk (_stream_readable.js:250:11)
    at Socket.Readable.push (_stream_readable.js:208:10)
    at Pipe.onread (net.js:594:20)
[Error  - 20:55:12] 'getCodeFixes' request failed with error.
Error processing request. Debug Failure. Invalid cast. The supplied value [object Object] did not pass the test 'isLabeledStatement'.
Error: Debug Failure. Invalid cast. The supplied value [object Object] did not pass the test 'isLabeledStatement'.
    at Object.cast (/usr/share/code/resources/app/extensions/node_modules/typescript/lib/tsserver.js:1338:22)
    at doChange (/usr/share/code/resources/app/extensions/node_modules/typescript/lib/tsserver.js:112547:39)
    at /usr/share/code/resources/app/extensions/node_modules/typescript/lib/tsserver.js:112539:96
    at Function.ChangeTracker.with (/usr/share/code/resources/app/extensions/node_modules/typescript/lib/tsserver.js:107652:17)
    at Object.getCodeActions (/usr/share/code/resources/app/extensions/node_modules/typescript/lib/tsserver.js:112539:64)
    at /usr/share/code/resources/app/extensions/node_modules/typescript/lib/tsserver.js:108638:121
    at Object.flatMap (/usr/share/code/resources/app/extensions/node_modules/typescript/lib/tsserver.js:504:25)
    at Object.getFixes (/usr/share/code/resources/app/extensions/node_modules/typescript/lib/tsserver.js:108638:23)
    at /usr/share/code/resources/app/extensions/node_modules/typescript/lib/tsserver.js:117737:35
    at Object.flatMap (/usr/share/code/resources/app/extensions/node_modules/typescript/lib/tsserver.js:504:25)
    at Object.getCodeFixesAtPosition (/usr/share/code/resources/app/extensions/node_modules/typescript/lib/tsserver.js:117735:23)
    at IOSession.Session.getCodeFixes (/usr/share/code/resources/app/extensions/node_modules/typescript/lib/tsserver.js:125655:64)
    at Session.handlers.ts.createMapFromTemplate._a.(anonymous function) (/usr/share/code/resources/app/extensions/node_modules/typescript/lib/tsserver.js:124461:61)
    at /usr/share/code/resources/app/extensions/node_modules/typescript/lib/tsserver.js:125824:88
    at IOSession.Session.executeWithRequestId (/usr/share/code/resources/app/extensions/node_modules/typescript/lib/tsserver.js:125815:28)
    at IOSession.Session.executeCommand (/usr/share/code/resources/app/extensions/node_modules/typescript/lib/tsserver.js:125824:33)
    at IOSession.Session.onMessage (/usr/share/code/resources/app/extensions/node_modules/typescript/lib/tsserver.js:125846:35)
    at Interface.<anonymous> (/usr/share/code/resources/app/extensions/node_modules/typescript/lib/tsserver.js:127106:27)
    at emitOne (events.js:116:13)
    at Interface.emit (events.js:211:7)
    at Interface._onLine (readline.js:282:10)
    at Interface._normalWrite (readline.js:424:12)
    at Socket.ondata (readline.js:141:10)
    at emitOne (events.js:116:13)
    at Socket.emit (events.js:211:7)
    at addChunk (_stream_readable.js:263:12)
    at readableAddChunk (_stream_readable.js:250:11)
    at Socket.Readable.push (_stream_readable.js:208:10)
    at Pipe.onread (net.js:594:20)
[Error  - 20:55:12] 'getCodeFixes' request failed with error.
Error processing request. Debug Failure. Invalid cast. The supplied value [object Object] did not pass the test 'isLabeledStatement'.
Error: Debug Failure. Invalid cast. The supplied value [object Object] did not pass the test 'isLabeledStatement'.
    at Object.cast (/usr/share/code/resources/app/extensions/node_modules/typescript/lib/tsserver.js:1338:22)
    at doChange (/usr/share/code/resources/app/extensions/node_modules/typescript/lib/tsserver.js:112547:39)
    at /usr/share/code/resources/app/extensions/node_modules/typescript/lib/tsserver.js:112539:96
    at Function.ChangeTracker.with (/usr/share/code/resources/app/extensions/node_modules/typescript/lib/tsserver.js:107652:17)
    at Object.getCodeActions (/usr/share/code/resources/app/extensions/node_modules/typescript/lib/tsserver.js:112539:64)
    at /usr/share/code/resources/app/extensions/node_modules/typescript/lib/tsserver.js:108638:121
    at Object.flatMap (/usr/share/code/resources/app/extensions/node_modules/typescript/lib/tsserver.js:504:25)
    at Object.getFixes (/usr/share/code/resources/app/extensions/node_modules/typescript/lib/tsserver.js:108638:23)
    at /usr/share/code/resources/app/extensions/node_modules/typescript/lib/tsserver.js:117737:35
    at Object.flatMap (/usr/share/code/resources/app/extensions/node_modules/typescript/lib/tsserver.js:504:25)
    at Object.getCodeFixesAtPosition (/usr/share/code/resources/app/extensions/node_modules/typescript/lib/tsserver.js:117735:23)
    at IOSession.Session.getCodeFixes (/usr/share/code/resources/app/extensions/node_modules/typescript/lib/tsserver.js:125655:64)
    at Session.handlers.ts.createMapFromTemplate._a.(anonymous function) (/usr/share/code/resources/app/extensions/node_modules/typescript/lib/tsserver.js:124461:61)
    at /usr/share/code/resources/app/extensions/node_modules/typescript/lib/tsserver.js:125824:88
    at IOSession.Session.executeWithRequestId (/usr/share/code/resources/app/extensions/node_modules/typescript/lib/tsserver.js:125815:28)
    at IOSession.Session.executeCommand (/usr/share/code/resources/app/extensions/node_modules/typescript/lib/tsserver.js:125824:33)
    at IOSession.Session.onMessage (/usr/share/code/resources/app/extensions/node_modules/typescript/lib/tsserver.js:125846:35)
    at Interface.<anonymous> (/usr/share/code/resources/app/extensions/node_modules/typescript/lib/tsserver.js:127106:27)
    at emitOne (events.js:116:13)
    at Interface.emit (events.js:211:7)
    at Interface._onLine (readline.js:282:10)
    at Interface._normalWrite (readline.js:424:12)
    at Socket.ondata (readline.js:141:10)
    at emitOne (events.js:116:13)
    at Socket.emit (events.js:211:7)
    at addChunk (_stream_readable.js:263:12)
    at readableAddChunk (_stream_readable.js:250:11)
    at Socket.Readable.push (_stream_readable.js:208:10)
    at Pipe.onread (net.js:594:20)
[Error  - 20:55:12] 'getCodeFixes' request failed with error.
Error processing request. Debug Failure. Invalid cast. The supplied value [object Object] did not pass the test 'isLabeledStatement'.
Error: Debug Failure. Invalid cast. The supplied value [object Object] did not pass the test 'isLabeledStatement'.
    at Object.cast (/usr/share/code/resources/app/extensions/node_modules/typescript/lib/tsserver.js:1338:22)
    at doChange (/usr/share/code/resources/app/extensions/node_modules/typescript/lib/tsserver.js:112547:39)
    at /usr/share/code/resources/app/extensions/node_modules/typescript/lib/tsserver.js:112539:96
    at Function.ChangeTracker.with (/usr/share/code/resources/app/extensions/node_modules/typescript/lib/tsserver.js:107652:17)
    at Object.getCodeActions (/usr/share/code/resources/app/extensions/node_modules/typescript/lib/tsserver.js:112539:64)
    at /usr/share/code/resources/app/extensions/node_modules/typescript/lib/tsserver.js:108638:121
    at Object.flatMap (/usr/share/code/resources/app/extensions/node_modules/typescript/lib/tsserver.js:504:25)
    at Object.getFixes (/usr/share/code/resources/app/extensions/node_modules/typescript/lib/tsserver.js:108638:23)
    at /usr/share/code/resources/app/extensions/node_modules/typescript/lib/tsserver.js:117737:35
    at Object.flatMap (/usr/share/code/resources/app/extensions/node_modules/typescript/lib/tsserver.js:504:25)
    at Object.getCodeFixesAtPosition (/usr/share/code/resources/app/extensions/node_modules/typescript/lib/tsserver.js:117735:23)
    at IOSession.Session.getCodeFixes (/usr/share/code/resources/app/extensions/node_modules/typescript/lib/tsserver.js:125655:64)
    at Session.handlers.ts.createMapFromTemplate._a.(anonymous function) (/usr/share/code/resources/app/extensions/node_modules/typescript/lib/tsserver.js:124461:61)
    at /usr/share/code/resources/app/extensions/node_modules/typescript/lib/tsserver.js:125824:88
    at IOSession.Session.executeWithRequestId (/usr/share/code/resources/app/extensions/node_modules/typescript/lib/tsserver.js:125815:28)
    at IOSession.Session.executeCommand (/usr/share/code/resources/app/extensions/node_modules/typescript/lib/tsserver.js:125824:33)
    at IOSession.Session.onMessage (/usr/share/code/resources/app/extensions/node_modules/typescript/lib/tsserver.js:125846:35)
    at Interface.<anonymous> (/usr/share/code/resources/app/extensions/node_modules/typescript/lib/tsserver.js:127106:27)
    at emitOne (events.js:116:13)
    at Interface.emit (events.js:211:7)
    at Interface._onLine (readline.js:282:10)
    at Interface._normalWrite (readline.js:424:12)
    at Socket.ondata (readline.js:141:10)
    at emitOne (events.js:116:13)
    at Socket.emit (events.js:211:7)
    at addChunk (_stream_readable.js:263:12)
    at readableAddChunk (_stream_readable.js:250:11)
    at Socket.Readable.push (_stream_readable.js:208:10)
    at Pipe.onread (net.js:594:20)
[Error  - 20:55:12] 'getCodeFixes' request failed with error.
Error processing request. Debug Failure. Invalid cast. The supplied value [object Object] did not pass the test 'isLabeledStatement'.
Error: Debug Failure. Invalid cast. The supplied value [object Object] did not pass the test 'isLabeledStatement'.
    at Object.cast (/usr/share/code/resources/app/extensions/node_modules/typescript/lib/tsserver.js:1338:22)
    at doChange (/usr/share/code/resources/app/extensions/node_modules/typescript/lib/tsserver.js:112547:39)
    at /usr/share/code/resources/app/extensions/node_modules/typescript/lib/tsserver.js:112539:96
    at Function.ChangeTracker.with (/usr/share/code/resources/app/extensions/node_modules/typescript/lib/tsserver.js:107652:17)
    at Object.getCodeActions (/usr/share/code/resources/app/extensions/node_modules/typescript/lib/tsserver.js:112539:64)
    at /usr/share/code/resources/app/extensions/node_modules/typescript/lib/tsserver.js:108638:121
    at Object.flatMap (/usr/share/code/resources/app/extensions/node_modules/typescript/lib/tsserver.js:504:25)
    at Object.getFixes (/usr/share/code/resources/app/extensions/node_modules/typescript/lib/tsserver.js:108638:23)
    at /usr/share/code/resources/app/extensions/node_modules/typescript/lib/tsserver.js:117737:35
    at Object.flatMap (/usr/share/code/resources/app/extensions/node_modules/typescript/lib/tsserver.js:504:25)
    at Object.getCodeFixesAtPosition (/usr/share/code/resources/app/extensions/node_modules/typescript/lib/tsserver.js:117735:23)
    at IOSession.Session.getCodeFixes (/usr/share/code/resources/app/extensions/node_modules/typescript/lib/tsserver.js:125655:64)
    at Session.handlers.ts.createMapFromTemplate._a.(anonymous function) (/usr/share/code/resources/app/extensions/node_modules/typescript/lib/tsserver.js:124461:61)
    at /usr/share/code/resources/app/extensions/node_modules/typescript/lib/tsserver.js:125824:88
    at IOSession.Session.executeWithRequestId (/usr/share/code/resources/app/extensions/node_modules/typescript/lib/tsserver.js:125815:28)
    at IOSession.Session.executeCommand (/usr/share/code/resources/app/extensions/node_modules/typescript/lib/tsserver.js:125824:33)
    at IOSession.Session.onMessage (/usr/share/code/resources/app/extensions/node_modules/typescript/lib/tsserver.js:125846:35)
    at Interface.<anonymous> (/usr/share/code/resources/app/extensions/node_modules/typescript/lib/tsserver.js:127106:27)
    at emitOne (events.js:116:13)
    at Interface.emit (events.js:211:7)
    at Interface._onLine (readline.js:282:10)
    at Interface._normalWrite (readline.js:424:12)
    at Socket.ondata (readline.js:141:10)
    at emitOne (events.js:116:13)
    at Socket.emit (events.js:211:7)
    at addChunk (_stream_readable.js:263:12)
    at readableAddChunk (_stream_readable.js:250:11)
    at Socket.Readable.push (_stream_readable.js:208:10)
    at Pipe.onread (net.js:594:20)
[Error  - 20:55:12] 'getCodeFixes' request failed with error.
Error processing request. Debug Failure. Invalid cast. The supplied value [object Object] did not pass the test 'isLabeledStatement'.
Error: Debug Failure. Invalid cast. The supplied value [object Object] did not pass the test 'isLabeledStatement'.
    at Object.cast (/usr/share/code/resources/app/extensions/node_modules/typescript/lib/tsserver.js:1338:22)
    at doChange (/usr/share/code/resources/app/extensions/node_modules/typescript/lib/tsserver.js:112547:39)
    at /usr/share/code/resources/app/extensions/node_modules/typescript/lib/tsserver.js:112539:96
    at Function.ChangeTracker.with (/usr/share/code/resources/app/extensions/node_modules/typescript/lib/tsserver.js:107652:17)
    at Object.getCodeActions (/usr/share/code/resources/app/extensions/node_modules/typescript/lib/tsserver.js:112539:64)
    at /usr/share/code/resources/app/extensions/node_modules/typescript/lib/tsserver.js:108638:121
    at Object.flatMap (/usr/share/code/resources/app/extensions/node_modules/typescript/lib/tsserver.js:504:25)
    at Object.getFixes (/usr/share/code/resources/app/extensions/node_modules/typescript/lib/tsserver.js:108638:23)
    at /usr/share/code/resources/app/extensions/node_modules/typescript/lib/tsserver.js:117737:35
    at Object.flatMap (/usr/share/code/resources/app/extensions/node_modules/typescript/lib/tsserver.js:504:25)
    at Object.getCodeFixesAtPosition (/usr/share/code/resources/app/extensions/node_modules/typescript/lib/tsserver.js:117735:23)
    at IOSession.Session.getCodeFixes (/usr/share/code/resources/app/extensions/node_modules/typescript/lib/tsserver.js:125655:64)
    at Session.handlers.ts.createMapFromTemplate._a.(anonymous function) (/usr/share/code/resources/app/extensions/node_modules/typescript/lib/tsserver.js:124461:61)
    at /usr/share/code/resources/app/extensions/node_modules/typescript/lib/tsserver.js:125824:88
    at IOSession.Session.executeWithRequestId (/usr/share/code/resources/app/extensions/node_modules/typescript/lib/tsserver.js:125815:28)
    at IOSession.Session.executeCommand (/usr/share/code/resources/app/extensions/node_modules/typescript/lib/tsserver.js:125824:33)
    at IOSession.Session.onMessage (/usr/share/code/resources/app/extensions/node_modules/typescript/lib/tsserver.js:125846:35)
    at Interface.<anonymous> (/usr/share/code/resources/app/extensions/node_modules/typescript/lib/tsserver.js:127106:27)
    at emitOne (events.js:116:13)
    at Interface.emit (events.js:211:7)
    at Interface._onLine (readline.js:282:10)
    at Interface._normalWrite (readline.js:424:12)
    at Socket.ondata (readline.js:141:10)
    at emitOne (events.js:116:13)
    at Socket.emit (events.js:211:7)
    at addChunk (_stream_readable.js:263:12)
    at readableAddChunk (_stream_readable.js:250:11)
    at Socket.Readable.push (_stream_readable.js:208:10)
    at Pipe.onread (net.js:594:20)
[Info  - 23:48:47] TSServer exited
