Initializing document watcher...
Detected change in configuration: {}
extension-output-#3: {}
financial_targets.api/.eslintrc.yml: Using EditorConfig core...
financial_targets.api/.eslintrc.yml: {"insertSpaces":true,"tabSize":4}
financial_targets.api/.eslintrc.yml: Using EditorConfig core...
extension-output-#3: {}
financial_targets.api/.eslintrc.yml: Using EditorConfig core...
financial_targets.api/.eslintrc.yml: {"insertSpaces":true,"tabSize":4}
financial_targets.api/src/api/controllers/accounts.js: Using EditorConfig core...
extension-output-#3: {}
financial_targets.api/src/api/controllers/accounts.js: {"insertSpaces":true,"tabSize":4}
financial_targets.api/src/api/controllers/accounts.js: Using EditorConfig core...
financial_targets.api/src/api/controllers/accounts.js: Using EditorConfig core...
financial_targets.api/src/api/controllers/accounts.js: Using EditorConfig core...
financial_targets.api/src/api/controllers/accounts.js: Using EditorConfig core...
financial_targets.api/src/api/controllers/accounts.js: Using EditorConfig core...
financial_targets.api/src/api/controllers/accounts.js: Using EditorConfig core...
financial_targets.api/src/api/controllers/accounts.js: Using EditorConfig core...
financial_targets.api/src/api/controllers/accounts.js: Using EditorConfig core...
financial_targets.api/src/api/controllers/accounts.js: Using EditorConfig core...
financial_targets.api/src/api/controllers/accounts.js: Using EditorConfig core...
financial_targets.api/src/api/controllers/accounts.js: Using EditorConfig core...
financial_targets.api/src/api/controllers/accounts.js: Using EditorConfig core...
financial_targets.api/src/api/controllers/accounts.js: Using EditorConfig core...
financial_targets.api/src/api/controllers/accounts.js: Using EditorConfig core...
financial_targets.api/src/api/controllers/accounts.js: Using EditorConfig core...
financial_targets.api/src/api/controllers/accounts.js: Using EditorConfig core...
financial_targets.api/src/api/controllers/accounts.js: Using EditorConfig core...
financial_targets.api/src/api/controllers/accounts.js: Using EditorConfig core...
financial_targets.api/src/api/controllers/accounts.js: Using EditorConfig core...
financial_targets.api/src/api/controllers/accounts.js: Using EditorConfig core...
financial_targets.api/src/api/controllers/accounts.js: Using EditorConfig core...
financial_targets.api/src/api/controllers/accounts.js: Using EditorConfig core...
financial_targets.api/src/api/controllers/accounts.js: Using EditorConfig core...
financial_targets.api/src/api/controllers/accounts.js: Using EditorConfig core...
financial_targets.api/src/api/controllers/accounts.js: Using EditorConfig core...
financial_targets.api/src/api/controllers/accounts.js: Using EditorConfig core...
financial_targets.api/src/api/controllers/accounts.js: Using EditorConfig core...
financial_targets.api/.eslintrc.yml: Using EditorConfig core...
financial_targets.api/.eslintrc.yml: {"insertSpaces":true,"tabSize":4}
financial_targets.api/.eslintrc.yml: Using EditorConfig core...
financial_targets.api/.eslintrc.yml: Using EditorConfig core...
financial_targets.api/.eslintrc.yml: Using EditorConfig core...
financial_targets.api/package.json: Using EditorConfig core...
financial_targets.api/package.json: {"insertSpaces":true,"tabSize":4}
financial_targets.api/package.json: Using EditorConfig core...
financial_targets.api/package.json: Using EditorConfig core...
financial_targets.api/package.json: Using EditorConfig core...
financial_targets.api/package.json: Using EditorConfig core...
financial_targets.api/package.json: Using EditorConfig core...
financial_targets.api/src/api/controllers/accounts.js: Using EditorConfig core...
financial_targets.api/src/api/controllers/accounts.js: {"insertSpaces":true,"tabSize":4}
extension-output-#3: {}
extension-output-#6: {}
financial_targets.api/node_modules/eslint/lib/api.js: Using EditorConfig core...
financial_targets.api/node_modules/eslint/lib/api.js: {"insertSpaces":true,"tabSize":4}
financial_targets.api/node_modules/eslint/lib/api.js: Using EditorConfig core...
financial_targets.api/node_modules/eslint/lib/api.js: Using EditorConfig core...
financial_targets.api/node_modules/eslint/lib/api.js: Using EditorConfig core...
financial_targets.api/src/api/controllers/accounts.js: Using EditorConfig core...
financial_targets.api/src/api/controllers/accounts.js: {"insertSpaces":true,"tabSize":4}
financial_targets.api/src/api/controllers/accounts.js: Using EditorConfig core...
financial_targets.api/src/api/controllers/accounts.js: Using EditorConfig core...
financial_targets.api/src/api/controllers/accounts.js: Using EditorConfig core...
financial_targets.api/src/api/controllers/accounts.js: Using EditorConfig core...
extension-output-#6: {}
financial_targets.api/src/api/controllers/accounts.js: Using EditorConfig core...
financial_targets.api/src/api/controllers/accounts.js: {"insertSpaces":true,"tabSize":4}
financial_targets.api/src/api/controllers/accounts.js: Using EditorConfig core...
financial_targets.api/src/api/controllers/accounts.js: Using EditorConfig core...
financial_targets.api/src/api/controllers/accounts.js: Using EditorConfig core...
financial_targets.api/src/api/controllers/accounts.js: Using EditorConfig core...
financial_targets.api/src/api/controllers/accounts.js: Using EditorConfig core...
financial_targets.api/src/api/controllers/accounts.js: Using EditorConfig core...
financial_targets.api/src/api/controllers/accounts.js: Using EditorConfig core...
financial_targets.api/src/api/controllers/accounts.js: Using EditorConfig core...
financial_targets.api/src/api/controllers/accounts.js: Using EditorConfig core...
financial_targets.api/src/api/controllers/accounts.js: Using EditorConfig core...
financial_targets.api/src/api/controllers/accounts.js: Using EditorConfig core...
financial_targets.api/src/api/controllers/accounts.js: Using EditorConfig core...
financial_targets.api/src/api/controllers/accounts.js: Using EditorConfig core...
financial_targets.api/src/api/controllers/accounts.js: Using EditorConfig core...
financial_targets.api/src/api/controllers/accounts.js: Using EditorConfig core...
financial_targets.api/src/api/controllers/accounts.js: Using EditorConfig core...
financial_targets.api/src/api/controllers/accounts.js: Using EditorConfig core...
extension-output-#5: {}
financial_targets.api/src/api/controllers/accounts.js: Using EditorConfig core...
financial_targets.api/src/api/controllers/accounts.js: {"insertSpaces":true,"tabSize":4}
extension-output-#5: {}
Detected change in configuration: {}
financial_targets.api/src/api/controllers/accounts.js: Using EditorConfig core...
financial_targets.api/src/api/controllers/accounts.js: {"insertSpaces":true,"tabSize":4}
financial_targets.api/src/api/controllers/accounts.js: Using EditorConfig core...
financial_targets.api/src/api/controllers/accounts.js: Using EditorConfig core...
financial_targets.api/src/api/controllers/accounts.js: Using EditorConfig core...
financial_targets.api/src/api/controllers/accounts.js: Using EditorConfig core...
financial_targets.api/src/api/controllers/accounts.js: Using EditorConfig core...
extension-output-#5: {}
Detected change in configuration: {}
Detected change in configuration: {}
Detected change in configuration: {}
financial_targets.api/src/api/controllers/accounts.js: Using EditorConfig core...
financial_targets.api/src/api/controllers/accounts.js: {"insertSpaces":true,"tabSize":4}
financial_targets.api/src/api/controllers/accounts.js: Using EditorConfig core...
financial_targets.api/src/api/controllers/accounts.js: Using EditorConfig core...
financial_targets.api/src/api/controllers/accounts.js: Using EditorConfig core...
financial_targets.api/src/api/controllers/accounts.js: Using EditorConfig core...
financial_targets.api/src/api/controllers/accounts.js: Using EditorConfig core...
financial_targets.api/src/api/controllers/accounts.js: Using EditorConfig core...
financial_targets.api/src/api/controllers/accounts.js: Using EditorConfig core...
financial_targets.api/src/api/controllers/accounts.js: Using EditorConfig core...
financial_targets.api/src/api/controllers/accounts.js: Using EditorConfig core...
financial_targets.api/src/api/controllers/accounts.js: Using EditorConfig core...
financial_targets.api/src/api/controllers/accounts.js: Using EditorConfig core...
financial_targets.api/src/api/controllers/accounts.js: Using EditorConfig core...
financial_targets.api/.eslintrc.yml: Using EditorConfig core...
financial_targets.api/.eslintrc.yml: {"insertSpaces":true,"tabSize":4}
financial_targets.api/.eslintrc.yml: Using EditorConfig core...
financial_targets.api/.eslintrc.yml: Using EditorConfig core...
financial_targets.api/.eslintrc.yml: Using EditorConfig core...
financial_targets.api/.eslintrc.yml: Using EditorConfig core...
financial_targets.api/src/api/controllers/accounts.js: Using EditorConfig core...
financial_targets.api/src/api/controllers/accounts.js: {"insertSpaces":true,"tabSize":4}
financial_targets.api/src/api/controllers/accounts.js: Using EditorConfig core...
financial_targets.api/src/api/controllers/accounts.js: Using EditorConfig core...
financial_targets.api/src/api/controllers/accounts.js: Using EditorConfig core...
financial_targets.api/src/api/controllers/accounts.js: Using EditorConfig core...
financial_targets.api/src/api/controllers/accounts.js: {"insertSpaces":true,"tabSize":4}
financial_targets.api/src/api/controllers/accounts.js: Using EditorConfig core...
financial_targets.api/src/api/controllers/accounts.js: {"insertSpaces":true,"tabSize":4}
financial_targets.api/src/api/controllers/accounts.js: Using EditorConfig core...
financial_targets.api/src/api/controllers/accounts.js: Using EditorConfig core...
financial_targets.api/.eslintrc.yml: Using EditorConfig core...
financial_targets.api/.eslintrc.yml: {"insertSpaces":true,"tabSize":4}
financial_targets.api/src/api/controllers/accounts.js: Using EditorConfig core...
financial_targets.api/src/api/controllers/accounts.js: {"insertSpaces":true,"tabSize":4}
financial_targets.api/.eslintrc.yml: Using EditorConfig core...
financial_targets.api/.eslintrc.yml: {"insertSpaces":true,"tabSize":4}
financial_targets.api/src/api/controllers/accounts.js: Using EditorConfig core...
financial_targets.api/src/api/controllers/accounts.js: {"insertSpaces":true,"tabSize":4}
financial_targets.api/src/api/controllers/accounts.js: Using EditorConfig core...
financial_targets.api/src/api/controllers/accounts.js: Using EditorConfig core...
financial_targets.api/src/api/controllers/accounts.js: Using EditorConfig core...
financial_targets.api/src/api/controllers/accounts.js: {"insertSpaces":true,"tabSize":4}
financial_targets.api/src/api/controllers/accounts.js: Using EditorConfig core...
financial_targets.api/src/api/controllers/accounts.js: Using EditorConfig core...
financial_targets.api/src/api/controllers/accounts.js: Using EditorConfig core...
financial_targets.api/src/api/controllers/accounts.js: Using EditorConfig core...
financial_targets.api/src/api/controllers/accounts.js: {"insertSpaces":true,"tabSize":4}
financial_targets.api/src/api/controllers/accounts.js: Using EditorConfig core...
financial_targets.api/src/api/controllers/accounts.js: {"insertSpaces":true,"tabSize":4}
financial_targets.api/src/api/controllers/accounts.js: Using EditorConfig core...
financial_targets.api/package.json: Using EditorConfig core...
financial_targets.api/src/api/controllers/accounts.js: {"insertSpaces":true,"tabSize":4}
financial_targets.api/package.json: {"insertSpaces":true,"tabSize":4}
financial_targets.api/.eslintrc.yml: Using EditorConfig core...
financial_targets.api/.eslintrc.yml: {"insertSpaces":true,"tabSize":4}
financial_targets.api/package.json: Using EditorConfig core...
financial_targets.api/package.json: {"insertSpaces":true,"tabSize":4}
financial_targets.api/package.json: Using EditorConfig core...
financial_targets.api/package.json: {"insertSpaces":true,"tabSize":4}
financial_targets.api/src/api/controllers/accounts.js: Using EditorConfig core...
financial_targets.api/src/api/controllers/accounts.js: {"insertSpaces":true,"tabSize":4}
financial_targets.api/src/api/controllers/accounts.js: Using EditorConfig core...
financial_targets.api/src/api/controllers/accounts.js: {"insertSpaces":true,"tabSize":4}
financial_targets.api/.eslintrc.yml: Using EditorConfig core...
financial_targets.api/.eslintrc.yml: {"insertSpaces":true,"tabSize":4}
financial_targets.api/.eslintrc.yml: Using EditorConfig core...
financial_targets.api/.eslintrc.yml: {"insertSpaces":true,"tabSize":4}
financial_targets.api/src/api/controllers/accounts.js: Using EditorConfig core...
financial_targets.api/src/api/controllers/accounts.js: {"insertSpaces":true,"tabSize":4}
financial_targets.api/src/api/controllers/accounts.js: Using EditorConfig core...
financial_targets.api/src/api/controllers/accounts.js: {"insertSpaces":true,"tabSize":4}
financial_targets.api/src/api/controllers/accounts.js: Using EditorConfig core...
financial_targets.api/src/api/controllers/accounts.js: {"insertSpaces":true,"tabSize":4}
financial_targets.api/src/api/controllers/accounts.js: Using EditorConfig core...
financial_targets.api/src/api/controllers/accounts.js: {"insertSpaces":true,"tabSize":4}
financial_targets.api/.eslintrc.yml: Using EditorConfig core...
financial_targets.api/.eslintrc.yml: {"insertSpaces":true,"tabSize":4}
financial_targets.api/.eslintrc.yml: Using EditorConfig core...
financial_targets.api/.eslintrc.yml: Using EditorConfig core...
financial_targets.api/.eslintrc.yml: Using EditorConfig core...
financial_targets.api/.eslintrc.yml: Using EditorConfig core...
financial_targets.api/.eslintrc.yml: Using EditorConfig core...
financial_targets.api/.eslintrc.yml: Using EditorConfig core...
financial_targets.api/.eslintrc.yml: Using EditorConfig core...
financial_targets.api/.eslintrc.yml: Using EditorConfig core...
financial_targets.api/.eslintrc.yml: Using EditorConfig core...
financial_targets.api/.eslintrc.yml: Using EditorConfig core...
financial_targets.api/.eslintrc.yml: Using EditorConfig core...
financial_targets.api/.eslintrc.yml: Using EditorConfig core...
financial_targets.api/.eslintrc.yml: Using EditorConfig core...
financial_targets.api/.eslintrc.yml: Using EditorConfig core...
financial_targets.api/.eslintrc.yml: {"insertSpaces":true,"tabSize":4}
financial_targets.api/.prettierrrc.yml: Using EditorConfig core...
financial_targets.api/.prettierrrc.yml: {"insertSpaces":true,"tabSize":4}
financial_targets.api/.prettierrrc.yml: Using EditorConfig core...
financial_targets.api/.prettierrrc.yml: Using EditorConfig core...
financial_targets.api/.prettierrrc.yml: Using EditorConfig core...
financial_targets.api/.prettierrrc.yml: Using EditorConfig core...
financial_targets.api/.prettierrrc.yml: Using EditorConfig core...
financial_targets.api/.prettierrrc.yml: Using EditorConfig core...
financial_targets.api/.prettierrrc.yml: Using EditorConfig core...
financial_targets.api/.prettierrrc.yml: Using EditorConfig core...
financial_targets.api/.prettierrrc.yml: Using EditorConfig core...
financial_targets.api/.prettierrrc.yml: Using EditorConfig core...
financial_targets.api/src/api/controllers/accounts.js: Using EditorConfig core...
financial_targets.api/src/api/controllers/accounts.js: {"insertSpaces":true,"tabSize":4}
financial_targets.api/src/api/controllers/accounts.js: Using EditorConfig core...
financial_targets.api/src/api/controllers/accounts.js: {"insertSpaces":true,"tabSize":4}
financial_targets.api/src/api/controllers/accounts.js: Using EditorConfig core...
financial_targets.api/src/api/controllers/accounts.js: {"insertSpaces":true,"tabSize":4}
financial_targets.api/src/api/controllers/accounts.js: Using EditorConfig core...
financial_targets.api/src/api/controllers/accounts.js: Using EditorConfig core...
financial_targets.api/src/api/controllers/accounts.js: {"insertSpaces":true,"tabSize":4}
financial_targets.api/src/api/controllers/accounts.js: {"insertSpaces":true,"tabSize":4}
financial_targets.api/.prettierrrc.yml: Using EditorConfig core...
financial_targets.api/.prettierrrc.yml: {"insertSpaces":true,"tabSize":4}
financial_targets.api/src/api/routes/accounts.js: Using EditorConfig core...
financial_targets.api/src/api/routes/accounts.js: {"insertSpaces":true,"tabSize":4}
financial_targets.api/src/api/routes/accounts.js: Using EditorConfig core...
financial_targets.api/src/api/routes/accounts.js: Using EditorConfig core...
financial_targets.api/src/api/routes/accounts.js: Using EditorConfig core...
financial_targets.api/src/api/routes/accounts.js: Using EditorConfig core...
financial_targets.api/src/api/routes/accounts.js: {"insertSpaces":true,"tabSize":4}
financial_targets.api/src/api/routes/accounts.js: Using EditorConfig core...
financial_targets.api/src/api/routes/accounts.js: Using EditorConfig core...
financial_targets.api/src/api/routes/accounts.js: Using EditorConfig core...
financial_targets.api/.prettierrrc.yml: Using EditorConfig core...
financial_targets.api/.prettierrrc.yml: {"insertSpaces":true,"tabSize":4}
financial_targets.api/.prettierrrc.yml: Using EditorConfig core...
financial_targets.api/.prettierrrc.yml: Using EditorConfig core...
financial_targets.api/.prettierrrc.yml: Using EditorConfig core...
financial_targets.api/src/api/routes/accounts.js: Using EditorConfig core...
financial_targets.api/src/api/routes/accounts.js: {"insertSpaces":true,"tabSize":4}
financial_targets.api/src/api/routes/accounts.js: Using EditorConfig core...
financial_targets.api/.prettierrrc.yml: Using EditorConfig core...
financial_targets.api/.prettierrrc.yml: {"insertSpaces":true,"tabSize":4}
financial_targets.api/.eslintrc.yml: Using EditorConfig core...
financial_targets.api/.eslintrc.yml: {"insertSpaces":true,"tabSize":4}
financial_targets.api/.eslintrc.yml: Using EditorConfig core...
financial_targets.api/.eslintrc.yml: {"insertSpaces":true,"tabSize":4}
financial_targets.api/.eslintrc.yml: Using EditorConfig core...
financial_targets.api/.eslintrc.yml: Using EditorConfig core...
financial_targets.api/.eslintrc.yml: Using EditorConfig core...
financial_targets.api/.eslintrc.yml: Using EditorConfig core...
financial_targets.api/.eslintrc.yml: Using EditorConfig core...
financial_targets.api/.eslintrc.yml: Using EditorConfig core...
financial_targets.api/.eslintrc.yml: Using EditorConfig core...
financial_targets.api/.eslintrc.yml: Using EditorConfig core...
financial_targets.api/.eslintrc.yml: Using EditorConfig core...
financial_targets.api/.eslintrc.yml: Using EditorConfig core...
financial_targets.api/.eslintrc.yml: Using EditorConfig core...
financial_targets.api/.eslintrc.yml: Using EditorConfig core...
financial_targets.api/.eslintrc.yml: Using EditorConfig core...
financial_targets.api/.eslintrc.yml: Using EditorConfig core...
financial_targets.api/.eslintrc.yml: Using EditorConfig core...
financial_targets.api/.eslintrc.yml: Using EditorConfig core...
financial_targets.api/.eslintrc.yml: Using EditorConfig core...
financial_targets.api/.eslintrc.yml: Using EditorConfig core...
financial_targets.api/.eslintrc.yml: Using EditorConfig core...
financial_targets.api/.eslintrc.yml: Using EditorConfig core...
financial_targets.api/.eslintrc.yml: Using EditorConfig core...
financial_targets.api/.eslintrc.yml: Using EditorConfig core...
financial_targets.api/.eslintrc.yml: Using EditorConfig core...
extension-output-#5: {}
extension-output-#6: {}
financial_targets.api/.eslintrc.yml: Using EditorConfig core...
financial_targets.api/.eslintrc.yml: {"insertSpaces":true,"tabSize":4}
financial_targets.api/.eslintrc.yml: Using EditorConfig core...
financial_targets.api/.eslintrc.yml: Using EditorConfig core...
financial_targets.api/.eslintrc.yml: Using EditorConfig core...
extension-output-#6: {}
financial_targets.api/.eslintrc.yml: Using EditorConfig core...
financial_targets.api/.eslintrc.yml: {"insertSpaces":true,"tabSize":4}
financial_targets.api/.eslintrc.yml: Using EditorConfig core...
financial_targets.api/.eslintrc.yml: Using EditorConfig core...
financial_targets.api/.prettierrrc.yml: Using EditorConfig core...
extension-output-#6: {}
financial_targets.api/.prettierrrc.yml: {"insertSpaces":true,"tabSize":4}
financial_targets.api/.prettierrrc.yml: Using EditorConfig core...
financial_targets.api/.prettierrrc.yml: Using EditorConfig core...
financial_targets.api/.prettierrrc.yml: Using EditorConfig core...
financial_targets.api/.prettierrrc.yml: {"insertSpaces":true,"tabSize":4}
financial_targets.api/.prettierrrc.yml: Using EditorConfig core...
financial_targets.api/.prettierrrc.yml: Using EditorConfig core...
financial_targets.api/.prettierrrc.yml: Using EditorConfig core...
financial_targets.api/.prettierrrc.yml: Using EditorConfig core...
financial_targets.api/.prettierrrc.yml: {"insertSpaces":true,"tabSize":4}
financial_targets.api/.prettierrrc.yml: Using EditorConfig core...
financial_targets.api/.prettierrrc.yml: Using EditorConfig core...
financial_targets.api/.eslintrc.yml: Using EditorConfig core...
financial_targets.api/.eslintrc.yml: {"insertSpaces":true,"tabSize":4}
