Initializing document watcher...
Detected change in configuration: {}
extension-output-#6: {}
financial_targets.api/src/api/routes/accounts.js: Using EditorConfig core...
financial_targets.api/src/api/routes/accounts.js: {"insertSpaces":true,"tabSize":4}
extension-output-#4: {}
financial_targets.api/src/api/routes/accounts.js: Using EditorConfig core...
financial_targets.api/src/api/routes/accounts.js: {"insertSpaces":true,"tabSize":4}
extension-output-#3: {}
financial_targets.api/src/api/routes/accounts.js: Using EditorConfig core...
financial_targets.api/src/api/routes/accounts.js: {"insertSpaces":true,"tabSize":4}
financial_targets.api/src/api/routes/accounts.js: Using EditorConfig core...
financial_targets.api/src/api/routes/accounts.js: Using EditorConfig core...
financial_targets.api/src/api/routes/accounts.js: Using EditorConfig core...
financial_targets.api/src/api/routes/accounts.js: Using EditorConfig core...
financial_targets.api/src/api/routes/accounts.js: Using EditorConfig core...
financial_targets.api/src/api/routes/accounts.js: Using EditorConfig core...
financial_targets.api/src/api/routes/accounts.js: Using EditorConfig core...
financial_targets.api/.prettierrrc.yml: Using EditorConfig core...
financial_targets.api/.prettierrrc.yml: {"insertSpaces":true,"tabSize":4}
financial_targets.api/.eslintrc.yml: Using EditorConfig core...
financial_targets.api/.eslintrc.yml: {"insertSpaces":true,"tabSize":4}
financial_targets.api/.eslintrc.yml: Using EditorConfig core...
financial_targets.api/.eslintrc.yml: Using EditorConfig core...
financial_targets.api/.eslintrc.yml: Using EditorConfig core...
financial_targets.api/.eslintrc.yml: Using EditorConfig core...
financial_targets.api/src/api/routes/accounts.js: Using EditorConfig core...
financial_targets.api/src/api/routes/accounts.js: {"insertSpaces":true,"tabSize":4}
financial_targets.api/src/api/routes/accounts.js: Using EditorConfig core...
financial_targets.api/src/api/routes/accounts.js: Using EditorConfig core...
financial_targets.api/src/api/routes/accounts.js: Using EditorConfig core...
financial_targets.api/src/api/routes/accounts.js: Using EditorConfig core...
financial_targets.api/src/api/routes/accounts.js: Using EditorConfig core...
financial_targets.api/src/api/routes/accounts.js: Using EditorConfig core...
financial_targets.api/src/api/routes/accounts.js: Using EditorConfig core...
financial_targets.api/.prettierrrc.yml: Using EditorConfig core...
financial_targets.api/.prettierrrc.yml: {"insertSpaces":true,"tabSize":4}
financial_targets.api/.eslintrc.yml: Using EditorConfig core...
financial_targets.api/.eslintrc.yml: {"insertSpaces":true,"tabSize":4}
financial_targets.api/.eslintrc.yml: Using EditorConfig core...
financial_targets.api/.eslintrc.yml: {"insertSpaces":true,"tabSize":4}
financial_targets.api/.eslintrc.yml: Using EditorConfig core...
financial_targets.api/.eslintrc.yml: Using EditorConfig core...
financial_targets.api/.eslintrc.yml: Using EditorConfig core...
financial_targets.api/src/api/routes/accounts.js: Using EditorConfig core...
financial_targets.api/src/api/routes/accounts.js: {"insertSpaces":true,"tabSize":4}
financial_targets.api/src/api/routes/accounts.js: Using EditorConfig core...
financial_targets.api/src/api/routes/accounts.js: Using EditorConfig core...
financial_targets.api/src/api/routes/accounts.js: Using EditorConfig core...
financial_targets.api/src/api/routes/accounts.js: Using EditorConfig core...
financial_targets.api/src/api/routes/accounts.js: Using EditorConfig core...
financial_targets.api/src/api/routes/accounts.js: Using EditorConfig core...
financial_targets.api/src/api/routes/accounts.js: Using EditorConfig core...
financial_targets.api/src/api/routes/accounts.js: Using EditorConfig core...
financial_targets.api/src/api/routes/accounts.js: Using EditorConfig core...
financial_targets.api/src/api/routes/accounts.js: Using EditorConfig core...
financial_targets.api/src/api/routes/accounts.js: Using EditorConfig core...
financial_targets.api/src/api/routes/accounts.js: Using EditorConfig core...
financial_targets.api/src/api/routes/accounts.js: Using EditorConfig core...
financial_targets.api/src/api/routes/accounts.js: Using EditorConfig core...
financial_targets.api/src/api/routes/accounts.js: {"insertSpaces":true,"tabSize":4}
financial_targets.api/src/api/routes/accounts.js: Using EditorConfig core...
financial_targets.api/src/api/routes/accounts.js: Using EditorConfig core...
financial_targets.api/src/api/routes/accounts.js: Using EditorConfig core...
financial_targets.api/src/api/routes/accounts.js: Using EditorConfig core...
financial_targets.api/src/api/routes/accounts.js: Using EditorConfig core...
financial_targets.api/src/api/routes/accounts.js: Using EditorConfig core...
financial_targets.api/src/api/routes/accounts.js: {"insertSpaces":true,"tabSize":4}
extension-output-#6: {}
financial_targets.api/src/api/routes/accounts.js: Using EditorConfig core...
financial_targets.api/src/api/routes/accounts.js: {"insertSpaces":true,"tabSize":4}
extension-output-#6: {}
financial_targets.api/src/api/routes/accounts.js: Using EditorConfig core...
financial_targets.api/src/api/routes/accounts.js: {"insertSpaces":true,"tabSize":4}
financial_targets.api/src/api/routes/accounts.js: Using EditorConfig core...
financial_targets.api/src/api/routes/accounts.js: Using EditorConfig core...
financial_targets.api/src/api/routes/accounts.js: Using EditorConfig core...
financial_targets.api/src/api/routes/accounts.js: Using EditorConfig core...
financial_targets.api/src/api/routes/accounts.js: Using EditorConfig core...
financial_targets.api/src/api/routes/accounts.js: Using EditorConfig core...
financial_targets.api/src/api/routes/accounts.js: Using EditorConfig core...
financial_targets.api/src/api/routes/accounts.js: Using EditorConfig core...
financial_targets.api/src/api/routes/accounts.js: Using EditorConfig core...
financial_targets.api/.prettierrrc.yml: Using EditorConfig core...
financial_targets.api/.prettierrrc.yml: {"insertSpaces":true,"tabSize":4}
financial_targets.api/.prettierrrc.yml: Using EditorConfig core...
financial_targets.api/.prettierrrc.yml: Using EditorConfig core...
financial_targets.api/.prettierrrc.yml: Using EditorConfig core...
financial_targets.api/.eslintrc.yml: Using EditorConfig core...
financial_targets.api/.eslintrc.yml: {"insertSpaces":true,"tabSize":4}
financial_targets.api/src/api/routes/accounts.js: Using EditorConfig core...
financial_targets.api/src/api/routes/accounts.js: {"insertSpaces":true,"tabSize":4}
financial_targets.api/src/api/routes/accounts.js: Using EditorConfig core...
financial_targets.api/src/api/routes/accounts.js: Using EditorConfig core...
financial_targets.api/src/api/routes/accounts.js: Using EditorConfig core...
financial_targets.api/src/api/routes/accounts.js: Using EditorConfig core...
financial_targets.api/src/api/routes/accounts.js: Using EditorConfig core...
financial_targets.api/src/api/routes/accounts.js: Using EditorConfig core...
financial_targets.api/src/api/routes/accounts.js: Using EditorConfig core...
financial_targets.api/.prettierrrc.yml: Using EditorConfig core...
financial_targets.api/.prettierrrc.yml: {"insertSpaces":true,"tabSize":4}
financial_targets.api/.prettierrrc.yml: Using EditorConfig core...
financial_targets.api/.prettierrrc.yml: Using EditorConfig core...
financial_targets.api/.prettierrrc.yml: Using EditorConfig core...
financial_targets.api/.prettierrrc.yml: Using EditorConfig core...
financial_targets.api/.prettierrrc.yml: Using EditorConfig core...
financial_targets.api/.prettierrrc.yml: Using EditorConfig core...
financial_targets.api/.prettierrrc.yml: Using EditorConfig core...
financial_targets.api/src/api/routes/accounts.js: Using EditorConfig core...
financial_targets.api/src/api/routes/accounts.js: {"insertSpaces":true,"tabSize":4}
financial_targets.api/src/api/routes/accounts.js: Using EditorConfig core...
financial_targets.api/src/api/routes/accounts.js: Using EditorConfig core...
financial_targets.api/src/api/routes/accounts.js: Using EditorConfig core...
